This file contains any messages produced by compilers while
running configure, to aid debugging if configure makes a mistake.

It was created by alsa-utils configure 1.0.29, which was
generated by GNU Autoconf 2.69.  Invocation command line was

  $ ./configure --host=arm-buildroot-linux-uclibcgnueabihf --prefix=/home/tao/work/sama5d3/pos/audio/install/ --with-alsa-inc-prefix=/home/tao/work/sama5d3/pos/audio/install/include/ --with-alsa-prefix=/home/tao/work/sama5d3/pos/audio/install/lib/ --disable-xmlto --disable-nls --disable-alsamixer

## --------- ##
## Platform. ##
## --------- ##

hostname = u
uname -m = i686
uname -r = 3.5.0-23-generic
uname -s = Linux
uname -v = #35~precise1-Ubuntu SMP Fri Jan 25 17:15:33 UTC 2013

/usr/bin/uname -p = unknown
/bin/uname -X     = unknown

/bin/arch              = unknown
/usr/bin/arch -k       = unknown
/usr/convex/getsysinfo = unknown
/usr/bin/hostinfo      = unknown
/bin/machine           = unknown
/usr/bin/oslevel       = unknown
/bin/universe          = unknown

PATH: /usr/lib/lightdm/lightdm
PATH: /usr/local/sbin
PATH: /usr/local/bin
PATH: /usr/sbin
PATH: /usr/bin
PATH: /sbin
PATH: /bin
PATH: /usr/games
PATH: /home/tao/cross_tools/arm-2007q1/bin
PATH: /opt/host_builtroot_latest/usr/bin/


## ----------- ##
## Core tests. ##
## ----------- ##

configure:2344: checking for a BSD-compatible install
configure:2412: result: /usr/bin/install -c
configure:2423: checking whether build environment is sane
configure:2478: result: yes
configure:2537: checking for arm-buildroot-linux-uclibcgnueabihf-strip
configure:2553: found /opt/host_builtroot_latest/usr/bin//arm-buildroot-linux-uclibcgnueabihf-strip
configure:2564: result: arm-buildroot-linux-uclibcgnueabihf-strip
configure:2629: checking for a thread-safe mkdir -p
configure:2668: result: /bin/mkdir -p
configure:2675: checking for gawk
configure:2705: result: no
configure:2675: checking for mawk
configure:2691: found /usr/bin/mawk
configure:2702: result: mawk
configure:2713: checking whether make sets $(MAKE)
configure:2735: result: yes
configure:2823: checking whether to enable maintainer-specific portions of Makefiles
configure:2832: result: yes
configure:2854: checking whether NLS is requested
configure:2863: result: no
configure:2904: checking for msgfmt
configure: trying /usr/bin/msgfmt...
0 translated messages.
configure:2936: result: /usr/bin/msgfmt
configure:2945: checking for gmsgfmt
configure:2976: result: /usr/bin/msgfmt
configure:3027: checking for xgettext
configure: trying /usr/bin/xgettext...
/usr/bin/xgettext: warning: file `/dev/null' extension `' is unknown; will try C
configure:3059: result: /usr/bin/xgettext
configure:3105: checking for msgmerge
configure: trying /usr/bin/msgmerge...
configure:3136: result: /usr/bin/msgmerge
configure:3181: checking for style of include used by make
configure:3209: result: GNU
configure:3240: checking for arm-buildroot-linux-uclibcgnueabihf-gcc
configure:3267: result: /opt/host_builtroot_latest/usr/bin/arm-buildroot-linux-uclibcgnueabihf-gcc
configure:3536: checking for C compiler version
configure:3545: /opt/host_builtroot_latest/usr/bin/arm-buildroot-linux-uclibcgnueabihf-gcc --version >&5
arm-buildroot-linux-uclibcgnueabihf-gcc (Buildroot 2014.08-git-01036-gdd70b3b-dirty) 4.8.3
Copyright (C) 2013 Free Software Foundation, Inc.
This is free software; see the source for copying conditions.  There is NO
warranty; not even for MERCHANTABILITY or FITNESS FOR A PARTICULAR PURPOSE.

configure:3556: $? = 0
configure:3545: /opt/host_builtroot_latest/usr/bin/arm-buildroot-linux-uclibcgnueabihf-gcc -v >&5
Using built-in specs.
COLLECT_GCC=/opt/host_builtroot_latest/usr/bin/arm-buildroot-linux-uclibcgnueabihf-gcc
COLLECT_LTO_WRAPPER=/opt/host_builtroot_latest/usr/bin/../libexec/gcc/arm-buildroot-linux-uclibcgnueabihf/4.8.3/lto-wrapper
Target: arm-buildroot-linux-uclibcgnueabihf
Configured with: ./configure --prefix=/home/tao/work/sama5d3/buildroot/output/host/usr --sysconfdir=/home/tao/work/sama5d3/buildroot/output/host/etc --enable-shared --enable-static --target=arm-buildroot-linux-uclibcgnueabihf --with-sysroot=/home/tao/work/sama5d3/buildroot/output/host/usr/arm-buildroot-linux-uclibcgnueabihf/sysroot --disable-__cxa_atexit --with-gnu-ld --disable-libssp --disable-multilib --with-gmp=/home/tao/work/sama5d3/buildroot/output/host/usr --with-mpfr=/home/tao/work/sama5d3/buildroot/output/host/usr --enable-target-optspace --disable-libsanitizer --enable-tls --enable-libmudflap --enable-threads --with-mpc=/home/tao/work/sama5d3/buildroot/output/host/usr --with-isl=/home/tao/work/sama5d3/buildroot/output/host/usr --with-cloog=/home/tao/work/sama5d3/buildroot/output/host/usr --disable-decimal-float --with-arch=armv7-a --with-abi=aapcs-linux --with-cpu=cortex-a5 --with-fpu=vfp --with-float=hard --with-mode=arm --with-pkgversion='Buildroot 2014.08-git-01036-gdd70b3b-dirty' --with-bugurl=http://bugs.buildroot.net/ --enable-languages=c,c++ --with-build-time-tools=/home/tao/work/sama5d3/buildroot/output/host/usr/arm-buildroot-linux-uclibcgnueabihf/bin --enable-libgomp
Thread model: posix
gcc version 4.8.3 (Buildroot 2014.08-git-01036-gdd70b3b-dirty) 
configure:3556: $? = 0
configure:3545: /opt/host_builtroot_latest/usr/bin/arm-buildroot-linux-uclibcgnueabihf-gcc -V >&5
arm-buildroot-linux-uclibcgnueabihf-gcc: error: unrecognized command line option '-V'
arm-buildroot-linux-uclibcgnueabihf-gcc: fatal error: no input files
compilation terminated.
configure:3556: $? = 1
configure:3545: /opt/host_builtroot_latest/usr/bin/arm-buildroot-linux-uclibcgnueabihf-gcc -qversion >&5
arm-buildroot-linux-uclibcgnueabihf-gcc: error: unrecognized command line option '-qversion'
arm-buildroot-linux-uclibcgnueabihf-gcc: fatal error: no input files
compilation terminated.
configure:3556: $? = 1
configure:3576: checking whether the C compiler works
configure:3598: /opt/host_builtroot_latest/usr/bin/arm-buildroot-linux-uclibcgnueabihf-gcc    conftest.c  >&5
configure:3602: $? = 0
configure:3650: result: yes
configure:3653: checking for C compiler default output file name
configure:3655: result: a.out
configure:3661: checking for suffix of executables
configure:3668: /opt/host_builtroot_latest/usr/bin/arm-buildroot-linux-uclibcgnueabihf-gcc -o conftest    conftest.c  >&5
configure:3672: $? = 0
configure:3694: result: 
configure:3716: checking whether we are cross compiling
configure:3724: /opt/host_builtroot_latest/usr/bin/arm-buildroot-linux-uclibcgnueabihf-gcc -o conftest    conftest.c  >&5
configure:3728: $? = 0
configure:3735: ./conftest
./configure: line 3737: ./conftest: cannot execute binary file
configure:3739: $? = 126
configure:3754: result: yes
configure:3759: checking for suffix of object files
configure:3781: /opt/host_builtroot_latest/usr/bin/arm-buildroot-linux-uclibcgnueabihf-gcc -c   conftest.c >&5
configure:3785: $? = 0
configure:3806: result: o
configure:3810: checking whether we are using the GNU C compiler
configure:3829: /opt/host_builtroot_latest/usr/bin/arm-buildroot-linux-uclibcgnueabihf-gcc -c   conftest.c >&5
configure:3829: $? = 0
configure:3838: result: yes
configure:3847: checking whether /opt/host_builtroot_latest/usr/bin/arm-buildroot-linux-uclibcgnueabihf-gcc accepts -g
configure:3867: /opt/host_builtroot_latest/usr/bin/arm-buildroot-linux-uclibcgnueabihf-gcc -c -g  conftest.c >&5
configure:3867: $? = 0
configure:3908: result: yes
configure:3925: checking for /opt/host_builtroot_latest/usr/bin/arm-buildroot-linux-uclibcgnueabihf-gcc option to accept ISO C89
configure:3988: /opt/host_builtroot_latest/usr/bin/arm-buildroot-linux-uclibcgnueabihf-gcc  -c -g -O2  conftest.c >&5
configure:3988: $? = 0
configure:4001: result: none needed
configure:4023: checking dependency style of /opt/host_builtroot_latest/usr/bin/arm-buildroot-linux-uclibcgnueabihf-gcc
configure:4134: result: gcc3
configure:4153: checking build system type
configure:4167: result: i686-pc-linux-gnu
configure:4187: checking host system type
configure:4200: result: arm-buildroot-linux-uclibcgnueabihf
configure:4244: checking for ld used by GCC
configure:4308: result: /opt/host_builtroot_latest/usr/arm-buildroot-linux-uclibcgnueabihf/bin/ld
configure:4315: checking if the linker (/opt/host_builtroot_latest/usr/arm-buildroot-linux-uclibcgnueabihf/bin/ld) is GNU ld
configure:4328: result: yes
configure:4335: checking for shared library run path origin
configure:4348: result: done
configure:4373: checking how to run the C preprocessor
configure:4404: /opt/host_builtroot_latest/usr/bin/arm-buildroot-linux-uclibcgnueabihf-gcc -E  conftest.c
configure:4404: $? = 0
configure:4418: /opt/host_builtroot_latest/usr/bin/arm-buildroot-linux-uclibcgnueabihf-gcc -E  conftest.c
conftest.c:11:28: fatal error: ac_nonexistent.h: No such file or directory
 #include <ac_nonexistent.h>
                            ^
compilation terminated.
configure:4418: $? = 1
configure: failed program was:
| /* confdefs.h */
| #define PACKAGE_NAME "alsa-utils"
| #define PACKAGE_TARNAME "alsa-utils"
| #define PACKAGE_VERSION "1.0.29"
| #define PACKAGE_STRING "alsa-utils 1.0.29"
| #define PACKAGE_BUGREPORT ""
| #define PACKAGE_URL ""
| #define PACKAGE "alsa-utils"
| #define VERSION "1.0.29"
| /* end confdefs.h.  */
| #include <ac_nonexistent.h>
configure:4443: result: /opt/host_builtroot_latest/usr/bin/arm-buildroot-linux-uclibcgnueabihf-gcc -E
configure:4463: /opt/host_builtroot_latest/usr/bin/arm-buildroot-linux-uclibcgnueabihf-gcc -E  conftest.c
configure:4463: $? = 0
configure:4477: /opt/host_builtroot_latest/usr/bin/arm-buildroot-linux-uclibcgnueabihf-gcc -E  conftest.c
conftest.c:11:28: fatal error: ac_nonexistent.h: No such file or directory
 #include <ac_nonexistent.h>
                            ^
compilation terminated.
configure:4477: $? = 1
configure: failed program was:
| /* confdefs.h */
| #define PACKAGE_NAME "alsa-utils"
| #define PACKAGE_TARNAME "alsa-utils"
| #define PACKAGE_VERSION "1.0.29"
| #define PACKAGE_STRING "alsa-utils 1.0.29"
| #define PACKAGE_BUGREPORT ""
| #define PACKAGE_URL ""
| #define PACKAGE "alsa-utils"
| #define VERSION "1.0.29"
| /* end confdefs.h.  */
| #include <ac_nonexistent.h>
configure:4506: checking for grep that handles long lines and -e
configure:4564: result: /bin/grep
configure:4569: checking for egrep
configure:4631: result: /bin/grep -E
configure:5189: checking for CFPreferencesCopyAppValue
configure:5207: /opt/host_builtroot_latest/usr/bin/arm-buildroot-linux-uclibcgnueabihf-gcc -o conftest -g -O2   conftest.c  -Wl,-framework -Wl,CoreFoundation >&5
conftest.c:11:42: fatal error: CoreFoundation/CFPreferences.h: No such file or directory
 #include <CoreFoundation/CFPreferences.h>
                                          ^
compilation terminated.
configure:5207: $? = 1
configure: failed program was:
| /* confdefs.h */
| #define PACKAGE_NAME "alsa-utils"
| #define PACKAGE_TARNAME "alsa-utils"
| #define PACKAGE_VERSION "1.0.29"
| #define PACKAGE_STRING "alsa-utils 1.0.29"
| #define PACKAGE_BUGREPORT ""
| #define PACKAGE_URL ""
| #define PACKAGE "alsa-utils"
| #define VERSION "1.0.29"
| /* end confdefs.h.  */
| #include <CoreFoundation/CFPreferences.h>
| int
| main ()
| {
| CFPreferencesCopyAppValue(NULL, NULL)
|   ;
|   return 0;
| }
configure:5216: result: no
configure:5223: checking for CFLocaleCopyCurrent
configure:5241: /opt/host_builtroot_latest/usr/bin/arm-buildroot-linux-uclibcgnueabihf-gcc -o conftest -g -O2   conftest.c  -Wl,-framework -Wl,CoreFoundation >&5
conftest.c:11:37: fatal error: CoreFoundation/CFLocale.h: No such file or directory
 #include <CoreFoundation/CFLocale.h>
                                     ^
compilation terminated.
configure:5241: $? = 1
configure: failed program was:
| /* confdefs.h */
| #define PACKAGE_NAME "alsa-utils"
| #define PACKAGE_TARNAME "alsa-utils"
| #define PACKAGE_VERSION "1.0.29"
| #define PACKAGE_STRING "alsa-utils 1.0.29"
| #define PACKAGE_BUGREPORT ""
| #define PACKAGE_URL ""
| #define PACKAGE "alsa-utils"
| #define VERSION "1.0.29"
| /* end confdefs.h.  */
| #include <CoreFoundation/CFLocale.h>
| int
| main ()
| {
| CFLocaleCopyCurrent();
|   ;
|   return 0;
| }
configure:5250: result: no
configure:6119: checking whether to use NLS
configure:6121: result: no
configure:6218: checking for arm-buildroot-linux-uclibcgnueabihf-gcc
configure:6245: result: /opt/host_builtroot_latest/usr/bin/arm-buildroot-linux-uclibcgnueabihf-gcc
configure:6514: checking for C compiler version
configure:6523: /opt/host_builtroot_latest/usr/bin/arm-buildroot-linux-uclibcgnueabihf-gcc --version >&5
arm-buildroot-linux-uclibcgnueabihf-gcc (Buildroot 2014.08-git-01036-gdd70b3b-dirty) 4.8.3
Copyright (C) 2013 Free Software Foundation, Inc.
This is free software; see the source for copying conditions.  There is NO
warranty; not even for MERCHANTABILITY or FITNESS FOR A PARTICULAR PURPOSE.

configure:6534: $? = 0
configure:6523: /opt/host_builtroot_latest/usr/bin/arm-buildroot-linux-uclibcgnueabihf-gcc -v >&5
Using built-in specs.
COLLECT_GCC=/opt/host_builtroot_latest/usr/bin/arm-buildroot-linux-uclibcgnueabihf-gcc
COLLECT_LTO_WRAPPER=/opt/host_builtroot_latest/usr/bin/../libexec/gcc/arm-buildroot-linux-uclibcgnueabihf/4.8.3/lto-wrapper
Target: arm-buildroot-linux-uclibcgnueabihf
Configured with: ./configure --prefix=/home/tao/work/sama5d3/buildroot/output/host/usr --sysconfdir=/home/tao/work/sama5d3/buildroot/output/host/etc --enable-shared --enable-static --target=arm-buildroot-linux-uclibcgnueabihf --with-sysroot=/home/tao/work/sama5d3/buildroot/output/host/usr/arm-buildroot-linux-uclibcgnueabihf/sysroot --disable-__cxa_atexit --with-gnu-ld --disable-libssp --disable-multilib --with-gmp=/home/tao/work/sama5d3/buildroot/output/host/usr --with-mpfr=/home/tao/work/sama5d3/buildroot/output/host/usr --enable-target-optspace --disable-libsanitizer --enable-tls --enable-libmudflap --enable-threads --with-mpc=/home/tao/work/sama5d3/buildroot/output/host/usr --with-isl=/home/tao/work/sama5d3/buildroot/output/host/usr --with-cloog=/home/tao/work/sama5d3/buildroot/output/host/usr --disable-decimal-float --with-arch=armv7-a --with-abi=aapcs-linux --with-cpu=cortex-a5 --with-fpu=vfp --with-float=hard --with-mode=arm --with-pkgversion='Buildroot 2014.08-git-01036-gdd70b3b-dirty' --with-bugurl=http://bugs.buildroot.net/ --enable-languages=c,c++ --with-build-time-tools=/home/tao/work/sama5d3/buildroot/output/host/usr/arm-buildroot-linux-uclibcgnueabihf/bin --enable-libgomp
Thread model: posix
gcc version 4.8.3 (Buildroot 2014.08-git-01036-gdd70b3b-dirty) 
configure:6534: $? = 0
configure:6523: /opt/host_builtroot_latest/usr/bin/arm-buildroot-linux-uclibcgnueabihf-gcc -V >&5
arm-buildroot-linux-uclibcgnueabihf-gcc: error: unrecognized command line option '-V'
arm-buildroot-linux-uclibcgnueabihf-gcc: fatal error: no input files
compilation terminated.
configure:6534: $? = 1
configure:6523: /opt/host_builtroot_latest/usr/bin/arm-buildroot-linux-uclibcgnueabihf-gcc -qversion >&5
arm-buildroot-linux-uclibcgnueabihf-gcc: error: unrecognized command line option '-qversion'
arm-buildroot-linux-uclibcgnueabihf-gcc: fatal error: no input files
compilation terminated.
configure:6534: $? = 1
configure:6538: checking whether we are using the GNU C compiler
configure:6566: result: yes
configure:6575: checking whether /opt/host_builtroot_latest/usr/bin/arm-buildroot-linux-uclibcgnueabihf-gcc accepts -g
configure:6636: result: yes
configure:6653: checking for /opt/host_builtroot_latest/usr/bin/arm-buildroot-linux-uclibcgnueabihf-gcc option to accept ISO C89
configure:6729: result: none needed
configure:6751: checking dependency style of /opt/host_builtroot_latest/usr/bin/arm-buildroot-linux-uclibcgnueabihf-gcc
configure:6862: result: gcc3
configure:6879: checking whether ln -s works
configure:6883: result: yes
configure:6890: checking for a sed that does not truncate output
configure:6954: result: /bin/sed
configure:6969: checking for arm-buildroot-linux-uclibcgnueabihf-pkg-config
configure:7002: result: no
configure:7012: checking for pkg-config
configure:7030: found /usr/bin/pkg-config
configure:7042: result: /usr/bin/pkg-config
configure:7054: WARNING: using cross tools not prefixed with host triplet
configure:7067: checking pkg-config is at least version 0.9.0
configure:7070: result: yes
configure:7109: checking for ALSA CFLAGS
configure:7115: result:  -I/home/tao/work/sama5d3/pos/audio/install/include/
configure:7118: checking for ALSA LDFLAGS
configure:7127: result:  -L/home/tao/work/sama5d3/pos/audio/install/lib/ -lasound -lm -ldl -lpthread
configure:7132: checking for libasound headers version >= 1.0.27
configure:7194: /opt/host_builtroot_latest/usr/bin/arm-buildroot-linux-uclibcgnueabihf-gcc -c -g -O2 -I/home/tao/work/sama5d3/pos/audio/install/include/  conftest.c >&5
configure:7194: $? = 0
configure:7195: result: found.
configure:7214: checking for snd_ctl_open in -lasound
configure:7239: /opt/host_builtroot_latest/usr/bin/arm-buildroot-linux-uclibcgnueabihf-gcc -o conftest -g -O2 -I/home/tao/work/sama5d3/pos/audio/install/include/    -L/home/tao/work/sama5d3/pos/audio/install/lib/ conftest.c -lasound   -L/home/tao/work/sama5d3/pos/audio/install/lib/ -lasound -lm -ldl -lpthread  >&5
configure:7239: $? = 0
configure:7248: result: yes
configure:7284: checking for snd_ctl_elem_add_enumerated
configure:7284: /opt/host_builtroot_latest/usr/bin/arm-buildroot-linux-uclibcgnueabihf-gcc -o conftest -g -O2 -I/home/tao/work/sama5d3/pos/audio/install/include/    -L/home/tao/work/sama5d3/pos/audio/install/lib/ conftest.c -lasound -L/home/tao/work/sama5d3/pos/audio/install/lib/ -lm -ldl -lpthread >&5
configure:7284: $? = 0
configure:7284: result: yes
configure:7295: checking for alsa/pcm.h
configure:7295: /opt/host_builtroot_latest/usr/bin/arm-buildroot-linux-uclibcgnueabihf-gcc -c -g -O2 -I/home/tao/work/sama5d3/pos/audio/install/include/  conftest.c >&5
configure:7295: $? = 0
configure:7295: result: yes
configure:7310: checking for alsa/mixer.h
configure:7310: /opt/host_builtroot_latest/usr/bin/arm-buildroot-linux-uclibcgnueabihf-gcc -c -g -O2 -I/home/tao/work/sama5d3/pos/audio/install/include/  conftest.c >&5
configure:7310: $? = 0
configure:7310: result: yes
configure:7325: checking for alsa/rawmidi.h
configure:7325: /opt/host_builtroot_latest/usr/bin/arm-buildroot-linux-uclibcgnueabihf-gcc -c -g -O2 -I/home/tao/work/sama5d3/pos/audio/install/include/  conftest.c >&5
configure:7325: $? = 0
configure:7325: result: yes
configure:7340: checking for alsa/seq.h
configure:7340: /opt/host_builtroot_latest/usr/bin/arm-buildroot-linux-uclibcgnueabihf-gcc -c -g -O2 -I/home/tao/work/sama5d3/pos/audio/install/include/  conftest.c >&5
configure:7340: $? = 0
configure:7340: result: yes
configure:7355: checking for alsa/use-case.h
configure:7355: /opt/host_builtroot_latest/usr/bin/arm-buildroot-linux-uclibcgnueabihf-gcc -c -g -O2 -I/home/tao/work/sama5d3/pos/audio/install/include/  conftest.c >&5
configure:7355: $? = 0
configure:7355: result: yes
configure:7370: checking for samplerate.h
configure:7370: /opt/host_builtroot_latest/usr/bin/arm-buildroot-linux-uclibcgnueabihf-gcc -c -g -O2 -I/home/tao/work/sama5d3/pos/audio/install/include/  conftest.c >&5
conftest.c:17:24: fatal error: samplerate.h: No such file or directory
 #include <samplerate.h>
                        ^
compilation terminated.
configure:7370: $? = 1
configure: failed program was:
| /* confdefs.h */
| #define PACKAGE_NAME "alsa-utils"
| #define PACKAGE_TARNAME "alsa-utils"
| #define PACKAGE_VERSION "1.0.29"
| #define PACKAGE_STRING "alsa-utils 1.0.29"
| #define PACKAGE_BUGREPORT ""
| #define PACKAGE_URL ""
| #define PACKAGE "alsa-utils"
| #define VERSION "1.0.29"
| #define HAVE_LIBASOUND 1
| #define HAVE_ALSA_PCM_H 1
| #define HAVE_ALSA_MIXER_H 1
| #define HAVE_ALSA_RAWMIDI_H 1
| #define HAVE_ALSA_SEQ_H 1
| #define HAVE_ALSA_USE_CASE_H 1
| /* end confdefs.h.  */
| #include <samplerate.h>
| 
| #include <samplerate.h>
configure:7370: result: no
configure:7434: checking for librt
configure:7445: checking for clock_gettime in -lrt
configure:7470: /opt/host_builtroot_latest/usr/bin/arm-buildroot-linux-uclibcgnueabihf-gcc -o conftest -g -O2 -I/home/tao/work/sama5d3/pos/audio/install/include/    -L/home/tao/work/sama5d3/pos/audio/install/lib/ conftest.c -lrt  -lasound -L/home/tao/work/sama5d3/pos/audio/install/lib/ -lm -ldl -lpthread >&5
configure:7470: $? = 0
configure:7479: result: yes
configure:7636: checking for ANSI C header files
configure:7656: /opt/host_builtroot_latest/usr/bin/arm-buildroot-linux-uclibcgnueabihf-gcc -c -g -O2 -I/home/tao/work/sama5d3/pos/audio/install/include/  conftest.c >&5
configure:7656: $? = 0
configure:7740: result: yes
configure:8614: checking for an ANSI C-conforming const
configure:8680: /opt/host_builtroot_latest/usr/bin/arm-buildroot-linux-uclibcgnueabihf-gcc -c -g -O2 -I/home/tao/work/sama5d3/pos/audio/install/include/  conftest.c >&5
configure:8680: $? = 0
configure:8687: result: yes
configure:8695: checking for inline
configure:8711: /opt/host_builtroot_latest/usr/bin/arm-buildroot-linux-uclibcgnueabihf-gcc -c -g -O2 -I/home/tao/work/sama5d3/pos/audio/install/include/  conftest.c >&5
configure:8711: $? = 0
configure:8719: result: inline
configure:8737: checking whether time.h and sys/time.h may both be included
configure:8757: /opt/host_builtroot_latest/usr/bin/arm-buildroot-linux-uclibcgnueabihf-gcc -c -g -O2 -I/home/tao/work/sama5d3/pos/audio/install/include/  conftest.c >&5
configure:8757: $? = 0
configure:8764: result: yes
configure:8774: checking whether /opt/host_builtroot_latest/usr/bin/arm-buildroot-linux-uclibcgnueabihf-gcc needs -traditional
In file included from conftest.c:23:0:
/opt/host_builtroot_latest/usr/arm-buildroot-linux-uclibcgnueabihf/sysroot/usr/include/sgtty.h:22:2: warning: #warning useless header on uClibc [-Wcpp]
 #warning useless header on uClibc
  ^
configure:8808: result: no
configure:8823: checking for special C compiler options needed for large files
configure:8868: result: no
configure:8874: checking for _FILE_OFFSET_BITS value needed for large files
configure:8899: /opt/host_builtroot_latest/usr/bin/arm-buildroot-linux-uclibcgnueabihf-gcc -c -g -O2 -I/home/tao/work/sama5d3/pos/audio/install/include/  conftest.c >&5
conftest.c:29:3: warning: left shift count >= width of type [enabled by default]
   int off_t_is_large[(LARGE_OFF_T % 2147483629 == 721
   ^
conftest.c:29:3: warning: left shift count >= width of type [enabled by default]
conftest.c:30:10: warning: left shift count >= width of type [enabled by default]
          && LARGE_OFF_T % 2147483647 == 1)
          ^
conftest.c:30:10: warning: left shift count >= width of type [enabled by default]
conftest.c:29:7: error: variably modified 'off_t_is_large' at file scope
   int off_t_is_large[(LARGE_OFF_T % 2147483629 == 721
       ^
configure:8899: $? = 1
configure: failed program was:
| /* confdefs.h */
| #define PACKAGE_NAME "alsa-utils"
| #define PACKAGE_TARNAME "alsa-utils"
| #define PACKAGE_VERSION "1.0.29"
| #define PACKAGE_STRING "alsa-utils 1.0.29"
| #define PACKAGE_BUGREPORT ""
| #define PACKAGE_URL ""
| #define PACKAGE "alsa-utils"
| #define VERSION "1.0.29"
| #define HAVE_LIBASOUND 1
| #define HAVE_ALSA_PCM_H 1
| #define HAVE_ALSA_MIXER_H 1
| #define HAVE_ALSA_RAWMIDI_H 1
| #define HAVE_ALSA_SEQ_H 1
| #define HAVE_ALSA_USE_CASE_H 1
| #define HAVE_LIBRT 1
| #define HAVE_CLOCK_GETTIME 1
| #define STDC_HEADERS 1
| #define SOUNDSDIR "/home/tao/work/sama5d3/pos/audio/install/share/sounds/alsa"
| #define DATADIR "/home/tao/work/sama5d3/pos/audio/install/share/alsa"
| #define TIME_WITH_SYS_TIME 1
| /* end confdefs.h.  */
| #include <sys/types.h>
|  /* Check that off_t can represent 2**63 - 1 correctly.
|     We can't simply define LARGE_OFF_T to be 9223372036854775807,
|     since some C++ compilers masquerading as C compilers
|     incorrectly reject 9223372036854775807.  */
| #define LARGE_OFF_T (((off_t) 1 << 62) - 1 + ((off_t) 1 << 62))
|   int off_t_is_large[(LARGE_OFF_T % 2147483629 == 721
| 		       && LARGE_OFF_T % 2147483647 == 1)
| 		      ? 1 : -1];
| int
| main ()
| {
| 
|   ;
|   return 0;
| }
configure:8923: /opt/host_builtroot_latest/usr/bin/arm-buildroot-linux-uclibcgnueabihf-gcc -c -g -O2 -I/home/tao/work/sama5d3/pos/audio/install/include/  conftest.c >&5
configure:8923: $? = 0
configure:8931: result: 64
configure:9208: checking that generated files are newer than configure
configure:9214: result: done
configure:9289: creating ./config.status

## ---------------------- ##
## Running config.status. ##
## ---------------------- ##

This file was extended by alsa-utils config.status 1.0.29, which was
generated by GNU Autoconf 2.69.  Invocation command line was

  CONFIG_FILES    = 
  CONFIG_HEADERS  = 
  CONFIG_LINKS    = 
  CONFIG_COMMANDS = 
  $ ./config.status 

on u

config.status:965: creating Makefile
config.status:965: creating alsactl/Makefile
config.status:965: creating alsactl/init/Makefile
config.status:965: creating alsamixer/Makefile
config.status:965: creating amidi/Makefile
config.status:965: creating amixer/Makefile
config.status:965: creating m4/Makefile
config.status:965: creating po/Makefile.in
config.status:965: creating alsaconf/alsaconf
config.status:965: creating alsaconf/Makefile
config.status:965: creating alsaconf/po/Makefile
config.status:1073: WARNING:  'alsaconf/po/Makefile.in' seems to ignore the --datarootdir setting
config.status:965: creating alsaucm/Makefile
config.status:965: creating aplay/Makefile
config.status:965: creating include/Makefile
config.status:965: creating iecset/Makefile
config.status:965: creating utils/Makefile
config.status:965: creating utils/alsa-utils.spec
config.status:965: creating seq/Makefile
config.status:965: creating seq/aconnect/Makefile
config.status:965: creating seq/aplaymidi/Makefile
config.status:965: creating seq/aseqdump/Makefile
config.status:965: creating seq/aseqnet/Makefile
config.status:965: creating speaker-test/Makefile
config.status:965: creating speaker-test/samples/Makefile
config.status:965: creating alsaloop/Makefile
config.status:965: creating alsa-info/Makefile
config.status:965: creating include/aconfig.h
config.status:1194: executing po-directories commands
config.status:1194: executing depfiles commands

## ---------------- ##
## Cache variables. ##
## ---------------- ##

ac_cv_build=i686-pc-linux-gnu
ac_cv_c_compiler_gnu=yes
ac_cv_c_const=yes
ac_cv_c_inline=inline
ac_cv_env_CC_set=set
ac_cv_env_CC_value=/opt/host_builtroot_latest/usr/bin/arm-buildroot-linux-uclibcgnueabihf-gcc
ac_cv_env_CFLAGS_set=
ac_cv_env_CFLAGS_value=
ac_cv_env_CPPFLAGS_set=
ac_cv_env_CPPFLAGS_value=
ac_cv_env_CPP_set=
ac_cv_env_CPP_value=
ac_cv_env_LDFLAGS_set=
ac_cv_env_LDFLAGS_value=
ac_cv_env_LIBS_set=
ac_cv_env_LIBS_value=
ac_cv_env_NCURSESW_CFLAGS_set=
ac_cv_env_NCURSESW_CFLAGS_value=
ac_cv_env_NCURSESW_LIBS_set=
ac_cv_env_NCURSESW_LIBS_value=
ac_cv_env_NCURSES_CFLAGS_set=
ac_cv_env_NCURSES_CFLAGS_value=
ac_cv_env_NCURSES_LIBS_set=
ac_cv_env_NCURSES_LIBS_value=
ac_cv_env_PKG_CONFIG_LIBDIR_set=
ac_cv_env_PKG_CONFIG_LIBDIR_value=
ac_cv_env_PKG_CONFIG_PATH_set=
ac_cv_env_PKG_CONFIG_PATH_value=
ac_cv_env_PKG_CONFIG_set=
ac_cv_env_PKG_CONFIG_value=
ac_cv_env_build_alias_set=
ac_cv_env_build_alias_value=
ac_cv_env_host_alias_set=set
ac_cv_env_host_alias_value=arm-buildroot-linux-uclibcgnueabihf
ac_cv_env_target_alias_set=
ac_cv_env_target_alias_value=
ac_cv_func_snd_ctl_elem_add_enumerated=yes
ac_cv_header_alsa_mixer_h=yes
ac_cv_header_alsa_pcm_h=yes
ac_cv_header_alsa_rawmidi_h=yes
ac_cv_header_alsa_seq_h=yes
ac_cv_header_alsa_use_case_h=yes
ac_cv_header_samplerate_h=no
ac_cv_header_stdc=yes
ac_cv_header_time=yes
ac_cv_host=arm-buildroot-linux-uclibcgnueabihf
ac_cv_lib_asound_snd_ctl_open=yes
ac_cv_lib_rt_clock_gettime=yes
ac_cv_objext=o
ac_cv_path_EGREP='/bin/grep -E'
ac_cv_path_GMSGFMT=/usr/bin/msgfmt
ac_cv_path_GREP=/bin/grep
ac_cv_path_MSGFMT=/usr/bin/msgfmt
ac_cv_path_MSGMERGE=/usr/bin/msgmerge
ac_cv_path_SED=/bin/sed
ac_cv_path_XGETTEXT=/usr/bin/xgettext
ac_cv_path_ac_pt_PKG_CONFIG=/usr/bin/pkg-config
ac_cv_path_install='/usr/bin/install -c'
ac_cv_path_mkdir=/bin/mkdir
ac_cv_prog_AWK=mawk
ac_cv_prog_CC=/opt/host_builtroot_latest/usr/bin/arm-buildroot-linux-uclibcgnueabihf-gcc
ac_cv_prog_CPP='/opt/host_builtroot_latest/usr/bin/arm-buildroot-linux-uclibcgnueabihf-gcc -E'
ac_cv_prog_STRIP=arm-buildroot-linux-uclibcgnueabihf-strip
ac_cv_prog_cc_c89=
ac_cv_prog_cc_g=yes
ac_cv_prog_gcc_traditional=no
ac_cv_prog_make_make_set=yes
ac_cv_sys_file_offset_bits=64
ac_cv_sys_largefile_CC=no
acl_cv_hardcode_direct=no
acl_cv_hardcode_libdir_flag_spec='${wl}-rpath ${wl}$libdir'
acl_cv_hardcode_libdir_separator=
acl_cv_hardcode_minus_L=no
acl_cv_libext=a
acl_cv_libname_spec='lib$name'
acl_cv_library_names_spec='$libname$shrext'
acl_cv_path_LD=/opt/host_builtroot_latest/usr/arm-buildroot-linux-uclibcgnueabihf/bin/ld
acl_cv_prog_gnu_ld=yes
acl_cv_rpath=done
acl_cv_shlibext=so
acl_cv_wl=-Wl,
am_cv_CC_dependencies_compiler_type=gcc3
gt_cv_func_CFLocaleCopyCurrent=no
gt_cv_func_CFPreferencesCopyAppValue=no

## ----------------- ##
## Output variables. ##
## ----------------- ##

ACLOCAL='${SHELL} /home/tao/work/sama5d3/pos/audio/alsa-utils-1.0.29/missing --run aclocal-1.12'
ALSACONF_FALSE='#'
ALSACONF_TRUE=''
ALSACTL_DAEMONSWITCH='/etc/alsa/state-daemon.conf'
ALSACTL_PIDFILE_DIR='/var/run'
ALSALOOP_FALSE='#'
ALSALOOP_TRUE=''
ALSAMIXER_FALSE=''
ALSAMIXER_TRUE='#'
ALSA_CFLAGS=' -I/home/tao/work/sama5d3/pos/audio/install/include/'
ALSA_LIBS=' -L/home/tao/work/sama5d3/pos/audio/install/lib/ -lasound -lm -ldl -lpthread'
AMDEPBACKSLASH='\'
AMDEP_FALSE='#'
AMDEP_TRUE=''
AMTAR='$${TAR-tar}'
ASOUND_LOCK_DIR='/var/lock'
ASOUND_STATE_DIR='/var/lib/alsa'
AUTOCONF='${SHELL} /home/tao/work/sama5d3/pos/audio/alsa-utils-1.0.29/missing --run autoconf'
AUTOHEADER='${SHELL} /home/tao/work/sama5d3/pos/audio/alsa-utils-1.0.29/missing --run autoheader'
AUTOMAKE='${SHELL} /home/tao/work/sama5d3/pos/audio/alsa-utils-1.0.29/missing --run automake-1.12'
AWK='mawk'
CC='/opt/host_builtroot_latest/usr/bin/arm-buildroot-linux-uclibcgnueabihf-gcc'
CCDEPMODE='depmode=gcc3'
CFLAGS='-g -O2 -I/home/tao/work/sama5d3/pos/audio/install/include/'
CPP='/opt/host_builtroot_latest/usr/bin/arm-buildroot-linux-uclibcgnueabihf-gcc -E'
CPPFLAGS=''
CURSESINC=''
CURSESLIB=''
CURSES_CFLAGS=''
CYGPATH_W='echo'
DEFS='-DHAVE_CONFIG_H'
DEPDIR='.deps'
ECHO_C=''
ECHO_N='-n'
ECHO_T=''
EGREP='/bin/grep -E'
EXEEXT=''
GETTEXT_MACRO_VERSION='0.18'
GMSGFMT='/usr/bin/msgfmt'
GMSGFMT_015='/usr/bin/msgfmt'
GREP='/bin/grep'
HAVE_MIXER_FALSE='#'
HAVE_MIXER_TRUE=''
HAVE_PCM_FALSE='#'
HAVE_PCM_TRUE=''
HAVE_RAWMIDI_FALSE='#'
HAVE_RAWMIDI_TRUE=''
HAVE_SAMPLERATE_FALSE=''
HAVE_SAMPLERATE_TRUE='#'
HAVE_SEQ_FALSE='#'
HAVE_SEQ_TRUE=''
HAVE_SYSTEMD_FALSE=''
HAVE_SYSTEMD_TRUE='#'
HAVE_UCM_FALSE='#'
HAVE_UCM_TRUE=''
INSTALL_DATA='${INSTALL} -m 644'
INSTALL_PROGRAM='${INSTALL}'
INSTALL_SCRIPT='${INSTALL}'
INSTALL_STRIP_PROGRAM='$(install_sh) -c -s'
INTLLIBS=''
INTL_MACOSX_LIBS=''
LDFLAGS='  -L/home/tao/work/sama5d3/pos/audio/install/lib/'
LIBICONV='-liconv'
LIBINTL=''
LIBOBJS=''
LIBRT='-lrt'
LIBS='-lasound -L/home/tao/work/sama5d3/pos/audio/install/lib/ -lm -ldl -lpthread'
LN_S='ln -s'
LTLIBICONV='-liconv'
LTLIBINTL=''
LTLIBOBJS=''
MAINT=''
MAINTAINER_MODE_FALSE='#'
MAINTAINER_MODE_TRUE=''
MAKEINFO='${SHELL} /home/tao/work/sama5d3/pos/audio/alsa-utils-1.0.29/missing --run makeinfo'
MKDIR_P='/bin/mkdir -p'
MSGFMT='/usr/bin/msgfmt'
MSGFMT_015='/usr/bin/msgfmt'
MSGMERGE='/usr/bin/msgmerge'
NCURSESW_CFLAGS=''
NCURSESW_LIBS=''
NCURSES_CFLAGS=''
NCURSES_LIBS=''
OBJEXT='o'
PACKAGE='alsa-utils'
PACKAGE_BUGREPORT=''
PACKAGE_NAME='alsa-utils'
PACKAGE_STRING='alsa-utils 1.0.29'
PACKAGE_TARNAME='alsa-utils'
PACKAGE_URL=''
PACKAGE_VERSION='1.0.29'
PATH_SEPARATOR=':'
PKG_CONFIG='/usr/bin/pkg-config'
PKG_CONFIG_LIBDIR=''
PKG_CONFIG_PATH=''
POSUB=''
SED='/bin/sed'
SET_MAKE=''
SHELL='/bin/bash'
SND_UTIL_MAJOR='1'
SND_UTIL_MINOR='0'
SND_UTIL_SUBMINOR='29'
SND_UTIL_VERSION='1.0.29'
STRIP='arm-buildroot-linux-uclibcgnueabihf-strip'
TESTSOUND='/home/tao/work/sama5d3/pos/audio/install/share/test.wav'
USE_NLS='no'
USE_XMLTO_FALSE=''
USE_XMLTO_TRUE='#'
VERSION='1.0.29'
XGETTEXT='/usr/bin/xgettext'
XGETTEXT_015='/usr/bin/xgettext'
XGETTEXT_EXTRA_OPTIONS=''
ac_ct_CC=''
am__EXEEXT_FALSE=''
am__EXEEXT_TRUE='#'
am__fastdepCC_FALSE='#'
am__fastdepCC_TRUE=''
am__include='include'
am__isrc=''
am__leading_dot='.'
am__nodep='_no'
am__quote=''
am__tar='$${TAR-tar} chof - "$$tardir"'
am__untar='$${TAR-tar} xf -'
bindir='${exec_prefix}/bin'
build='i686-pc-linux-gnu'
build_alias=''
build_cpu='i686'
build_os='linux-gnu'
build_vendor='pc'
datadir='${datarootdir}'
datarootdir='${prefix}/share'
docdir='${datarootdir}/doc/${PACKAGE_TARNAME}'
dvidir='${docdir}'
exec_prefix='${prefix}'
host='arm-buildroot-linux-uclibcgnueabihf'
host_alias='arm-buildroot-linux-uclibcgnueabihf'
host_cpu='arm'
host_os='linux-uclibcgnueabihf'
host_vendor='buildroot'
htmldir='${docdir}'
includedir='${prefix}/include'
infodir='${datarootdir}/info'
install_sh='${SHELL} /home/tao/work/sama5d3/pos/audio/alsa-utils-1.0.29/install-sh'
libdir='${exec_prefix}/lib'
libexecdir='${exec_prefix}/libexec'
localedir='${datarootdir}/locale'
localstatedir='${prefix}/var'
mandir='${datarootdir}/man'
mkdir_p='/bin/mkdir -p'
mydatadir='/home/tao/work/sama5d3/pos/audio/install/share/alsa'
ncurses5_config=''
ncursesw5_config=''
oldincludedir='/usr/include'
pdfdir='${docdir}'
prefix='/home/tao/work/sama5d3/pos/audio/install'
program_transform_name='s,x,x,'
psdir='${docdir}'
sbindir='${exec_prefix}/sbin'
sharedstatedir='${prefix}/com'
sysconfdir='${prefix}/etc'
systemdsystemunitdir=''
target_alias=''
udevrulesdir='/lib/udev/rules.d'
xmlto='no'

## ----------- ##
## confdefs.h. ##
## ----------- ##

/* confdefs.h */
#define PACKAGE_NAME "alsa-utils"
#define PACKAGE_TARNAME "alsa-utils"
#define PACKAGE_VERSION "1.0.29"
#define PACKAGE_STRING "alsa-utils 1.0.29"
#define PACKAGE_BUGREPORT ""
#define PACKAGE_URL ""
#define PACKAGE "alsa-utils"
#define VERSION "1.0.29"
#define HAVE_LIBASOUND 1
#define HAVE_ALSA_PCM_H 1
#define HAVE_ALSA_MIXER_H 1
#define HAVE_ALSA_RAWMIDI_H 1
#define HAVE_ALSA_SEQ_H 1
#define HAVE_ALSA_USE_CASE_H 1
#define HAVE_LIBRT 1
#define HAVE_CLOCK_GETTIME 1
#define STDC_HEADERS 1
#define SOUNDSDIR "/home/tao/work/sama5d3/pos/audio/install/share/sounds/alsa"
#define DATADIR "/home/tao/work/sama5d3/pos/audio/install/share/alsa"
#define TIME_WITH_SYS_TIME 1
#define _FILE_OFFSET_BITS 64
#define VERSION "1.0.29"

configure: exit 0
