This file contains any messages produced by compilers while
running configure, to aid debugging if configure makes a mistake.

It was created by alsa-lib configure 1.0.29, which was
generated by GNU Autoconf 2.69.  Invocation command line was

  $ ./configure --host=arm-buildroot-linux-uclibcgnueabihf --with-versioned=no --prefix=/home/tao/work/sama5d3/pos/audio/install/

## --------- ##
## Platform. ##
## --------- ##

hostname = u
uname -m = i686
uname -r = 3.5.0-23-generic
uname -s = Linux
uname -v = #35~precise1-Ubuntu SMP Fri Jan 25 17:15:33 UTC 2013

/usr/bin/uname -p = unknown
/bin/uname -X     = unknown

/bin/arch              = unknown
/usr/bin/arch -k       = unknown
/usr/convex/getsysinfo = unknown
/usr/bin/hostinfo      = unknown
/bin/machine           = unknown
/usr/bin/oslevel       = unknown
/bin/universe          = unknown

PATH: /usr/lib/lightdm/lightdm
PATH: /usr/local/sbin
PATH: /usr/local/bin
PATH: /usr/sbin
PATH: /usr/bin
PATH: /sbin
PATH: /bin
PATH: /usr/games
PATH: /home/tao/cross_tools/arm-2007q1/bin
PATH: /opt/host_builtroot_latest/usr/bin/


## ----------- ##
## Core tests. ##
## ----------- ##

configure:2416: checking build system type
configure:2430: result: i686-pc-linux-gnu
configure:2450: checking host system type
configure:2463: result: arm-buildroot-linux-uclibcgnueabihf
configure:2499: checking for a BSD-compatible install
configure:2567: result: /usr/bin/install -c
configure:2578: checking whether build environment is sane
configure:2633: result: yes
configure:2692: checking for arm-buildroot-linux-uclibcgnueabihf-strip
configure:2708: found /opt/host_builtroot_latest/usr/bin//arm-buildroot-linux-uclibcgnueabihf-strip
configure:2719: result: arm-buildroot-linux-uclibcgnueabihf-strip
configure:2784: checking for a thread-safe mkdir -p
configure:2823: result: /bin/mkdir -p
configure:2830: checking for gawk
configure:2860: result: no
configure:2830: checking for mawk
configure:2846: found /usr/bin/mawk
configure:2857: result: mawk
configure:2868: checking whether make sets $(MAKE)
configure:2890: result: yes
configure:2987: checking whether to enable maintainer-specific portions of Makefiles
configure:2996: result: yes
configure:3022: checking whether make supports nested variables
configure:3039: result: yes
configure:3080: checking for arm-buildroot-linux-uclibcgnueabihf-gcc
configure:3107: result: /opt/host_builtroot_latest/usr/bin/arm-buildroot-linux-uclibcgnueabihf-gcc
configure:3376: checking for C compiler version
configure:3385: /opt/host_builtroot_latest/usr/bin/arm-buildroot-linux-uclibcgnueabihf-gcc --version >&5
arm-buildroot-linux-uclibcgnueabihf-gcc (Buildroot 2014.08-git-01036-gdd70b3b-dirty) 4.8.3
Copyright (C) 2013 Free Software Foundation, Inc.
This is free software; see the source for copying conditions.  There is NO
warranty; not even for MERCHANTABILITY or FITNESS FOR A PARTICULAR PURPOSE.

configure:3396: $? = 0
configure:3385: /opt/host_builtroot_latest/usr/bin/arm-buildroot-linux-uclibcgnueabihf-gcc -v >&5
Using built-in specs.
COLLECT_GCC=/opt/host_builtroot_latest/usr/bin/arm-buildroot-linux-uclibcgnueabihf-gcc
COLLECT_LTO_WRAPPER=/opt/host_builtroot_latest/usr/bin/../libexec/gcc/arm-buildroot-linux-uclibcgnueabihf/4.8.3/lto-wrapper
Target: arm-buildroot-linux-uclibcgnueabihf
Configured with: ./configure --prefix=/home/tao/work/sama5d3/buildroot/output/host/usr --sysconfdir=/home/tao/work/sama5d3/buildroot/output/host/etc --enable-shared --enable-static --target=arm-buildroot-linux-uclibcgnueabihf --with-sysroot=/home/tao/work/sama5d3/buildroot/output/host/usr/arm-buildroot-linux-uclibcgnueabihf/sysroot --disable-__cxa_atexit --with-gnu-ld --disable-libssp --disable-multilib --with-gmp=/home/tao/work/sama5d3/buildroot/output/host/usr --with-mpfr=/home/tao/work/sama5d3/buildroot/output/host/usr --enable-target-optspace --disable-libsanitizer --enable-tls --enable-libmudflap --enable-threads --with-mpc=/home/tao/work/sama5d3/buildroot/output/host/usr --with-isl=/home/tao/work/sama5d3/buildroot/output/host/usr --with-cloog=/home/tao/work/sama5d3/buildroot/output/host/usr --disable-decimal-float --with-arch=armv7-a --with-abi=aapcs-linux --with-cpu=cortex-a5 --with-fpu=vfp --with-float=hard --with-mode=arm --with-pkgversion='Buildroot 2014.08-git-01036-gdd70b3b-dirty' --with-bugurl=http://bugs.buildroot.net/ --enable-languages=c,c++ --with-build-time-tools=/home/tao/work/sama5d3/buildroot/output/host/usr/arm-buildroot-linux-uclibcgnueabihf/bin --enable-libgomp
Thread model: posix
gcc version 4.8.3 (Buildroot 2014.08-git-01036-gdd70b3b-dirty) 
configure:3396: $? = 0
configure:3385: /opt/host_builtroot_latest/usr/bin/arm-buildroot-linux-uclibcgnueabihf-gcc -V >&5
arm-buildroot-linux-uclibcgnueabihf-gcc: error: unrecognized command line option '-V'
arm-buildroot-linux-uclibcgnueabihf-gcc: fatal error: no input files
compilation terminated.
configure:3396: $? = 1
configure:3385: /opt/host_builtroot_latest/usr/bin/arm-buildroot-linux-uclibcgnueabihf-gcc -qversion >&5
arm-buildroot-linux-uclibcgnueabihf-gcc: error: unrecognized command line option '-qversion'
arm-buildroot-linux-uclibcgnueabihf-gcc: fatal error: no input files
compilation terminated.
configure:3396: $? = 1
configure:3416: checking whether the C compiler works
configure:3438: /opt/host_builtroot_latest/usr/bin/arm-buildroot-linux-uclibcgnueabihf-gcc  -D_GNU_SOURCE   conftest.c  >&5
configure:3442: $? = 0
configure:3490: result: yes
configure:3493: checking for C compiler default output file name
configure:3495: result: a.out
configure:3501: checking for suffix of executables
configure:3508: /opt/host_builtroot_latest/usr/bin/arm-buildroot-linux-uclibcgnueabihf-gcc -o conftest  -D_GNU_SOURCE   conftest.c  >&5
configure:3512: $? = 0
configure:3534: result: 
configure:3556: checking whether we are cross compiling
configure:3564: /opt/host_builtroot_latest/usr/bin/arm-buildroot-linux-uclibcgnueabihf-gcc -o conftest  -D_GNU_SOURCE   conftest.c  >&5
configure:3568: $? = 0
configure:3575: ./conftest
./configure: line 3577: ./conftest: cannot execute binary file
configure:3579: $? = 126
configure:3594: result: yes
configure:3599: checking for suffix of object files
configure:3621: /opt/host_builtroot_latest/usr/bin/arm-buildroot-linux-uclibcgnueabihf-gcc -c  -D_GNU_SOURCE  conftest.c >&5
configure:3625: $? = 0
configure:3646: result: o
configure:3650: checking whether we are using the GNU C compiler
configure:3669: /opt/host_builtroot_latest/usr/bin/arm-buildroot-linux-uclibcgnueabihf-gcc -c  -D_GNU_SOURCE  conftest.c >&5
configure:3669: $? = 0
configure:3678: result: yes
configure:3687: checking whether /opt/host_builtroot_latest/usr/bin/arm-buildroot-linux-uclibcgnueabihf-gcc accepts -g
configure:3707: /opt/host_builtroot_latest/usr/bin/arm-buildroot-linux-uclibcgnueabihf-gcc -c -g  conftest.c >&5
configure:3707: $? = 0
configure:3748: result: yes
configure:3765: checking for /opt/host_builtroot_latest/usr/bin/arm-buildroot-linux-uclibcgnueabihf-gcc option to accept ISO C89
configure:3828: /opt/host_builtroot_latest/usr/bin/arm-buildroot-linux-uclibcgnueabihf-gcc  -c  -D_GNU_SOURCE  conftest.c >&5
configure:3828: $? = 0
configure:3841: result: none needed
configure:3872: checking for style of include used by make
configure:3900: result: GNU
configure:3926: checking dependency style of /opt/host_builtroot_latest/usr/bin/arm-buildroot-linux-uclibcgnueabihf-gcc
configure:4037: result: gcc3
configure:4057: checking how to run the C preprocessor
configure:4088: /opt/host_builtroot_latest/usr/bin/arm-buildroot-linux-uclibcgnueabihf-gcc -E  conftest.c
configure:4088: $? = 0
configure:4102: /opt/host_builtroot_latest/usr/bin/arm-buildroot-linux-uclibcgnueabihf-gcc -E  conftest.c
conftest.c:11:28: fatal error: ac_nonexistent.h: No such file or directory
 #include <ac_nonexistent.h>
                            ^
compilation terminated.
configure:4102: $? = 1
configure: failed program was:
| /* confdefs.h */
| #define PACKAGE_NAME "alsa-lib"
| #define PACKAGE_TARNAME "alsa-lib"
| #define PACKAGE_VERSION "1.0.29"
| #define PACKAGE_STRING "alsa-lib 1.0.29"
| #define PACKAGE_BUGREPORT ""
| #define PACKAGE_URL ""
| #define PACKAGE "alsa-lib"
| #define VERSION "1.0.29"
| /* end confdefs.h.  */
| #include <ac_nonexistent.h>
configure:4127: result: /opt/host_builtroot_latest/usr/bin/arm-buildroot-linux-uclibcgnueabihf-gcc -E
configure:4147: /opt/host_builtroot_latest/usr/bin/arm-buildroot-linux-uclibcgnueabihf-gcc -E  conftest.c
configure:4147: $? = 0
configure:4161: /opt/host_builtroot_latest/usr/bin/arm-buildroot-linux-uclibcgnueabihf-gcc -E  conftest.c
conftest.c:11:28: fatal error: ac_nonexistent.h: No such file or directory
 #include <ac_nonexistent.h>
                            ^
compilation terminated.
configure:4161: $? = 1
configure: failed program was:
| /* confdefs.h */
| #define PACKAGE_NAME "alsa-lib"
| #define PACKAGE_TARNAME "alsa-lib"
| #define PACKAGE_VERSION "1.0.29"
| #define PACKAGE_STRING "alsa-lib 1.0.29"
| #define PACKAGE_BUGREPORT ""
| #define PACKAGE_URL ""
| #define PACKAGE "alsa-lib"
| #define VERSION "1.0.29"
| /* end confdefs.h.  */
| #include <ac_nonexistent.h>
configure:4190: checking whether ln -s works
configure:4194: result: yes
configure:4282: checking how to print strings
configure:4309: result: printf
configure:4330: checking for a sed that does not truncate output
configure:4394: result: /bin/sed
configure:4412: checking for grep that handles long lines and -e
configure:4470: result: /bin/grep
configure:4475: checking for egrep
configure:4537: result: /bin/grep -E
configure:4542: checking for fgrep
configure:4604: result: /bin/grep -F
configure:4639: checking for ld used by /opt/host_builtroot_latest/usr/bin/arm-buildroot-linux-uclibcgnueabihf-gcc
configure:4706: result: /opt/host_builtroot_latest/usr/arm-buildroot-linux-uclibcgnueabihf/bin/ld
configure:4713: checking if the linker (/opt/host_builtroot_latest/usr/arm-buildroot-linux-uclibcgnueabihf/bin/ld) is GNU ld
configure:4728: result: yes
configure:4740: checking for BSD- or MS-compatible name lister (nm)
configure:4789: result: /opt/host_builtroot_latest/usr/bin//arm-buildroot-linux-uclibcgnueabihf-nm -B
configure:4919: checking the name lister (/opt/host_builtroot_latest/usr/bin//arm-buildroot-linux-uclibcgnueabihf-nm -B) interface
configure:4926: /opt/host_builtroot_latest/usr/bin/arm-buildroot-linux-uclibcgnueabihf-gcc -c  -D_GNU_SOURCE  conftest.c >&5
configure:4929: /opt/host_builtroot_latest/usr/bin//arm-buildroot-linux-uclibcgnueabihf-nm -B "conftest.o"
configure:4932: output
00000000 B some_variable
configure:4939: result: BSD nm
configure:4943: checking the maximum length of command line arguments
configure:5073: result: 1572864
configure:5090: checking whether the shell understands some XSI constructs
configure:5100: result: yes
configure:5104: checking whether the shell understands "+="
configure:5110: result: yes
configure:5145: checking how to convert i686-pc-linux-gnu file names to arm-buildroot-linux-uclibcgnueabihf format
configure:5185: result: func_convert_file_noop
configure:5192: checking how to convert i686-pc-linux-gnu file names to toolchain format
configure:5212: result: func_convert_file_noop
configure:5219: checking for /opt/host_builtroot_latest/usr/arm-buildroot-linux-uclibcgnueabihf/bin/ld option to reload object files
configure:5226: result: -r
configure:5260: checking for arm-buildroot-linux-uclibcgnueabihf-objdump
configure:5276: found /opt/host_builtroot_latest/usr/bin//arm-buildroot-linux-uclibcgnueabihf-objdump
configure:5287: result: arm-buildroot-linux-uclibcgnueabihf-objdump
configure:5359: checking how to recognize dependent libraries
configure:5561: result: pass_all
configure:5606: checking for arm-buildroot-linux-uclibcgnueabihf-dlltool
configure:5636: result: no
configure:5646: checking for dlltool
configure:5676: result: no
configure:5706: checking how to associate runtime and link libraries
configure:5733: result: printf %s\n
configure:5750: checking for arm-buildroot-linux-uclibcgnueabihf-ar
configure:5766: found /opt/host_builtroot_latest/usr/bin//arm-buildroot-linux-uclibcgnueabihf-ar
configure:5777: result: arm-buildroot-linux-uclibcgnueabihf-ar
configure:5858: checking for archiver @FILE support
configure:5875: /opt/host_builtroot_latest/usr/bin/arm-buildroot-linux-uclibcgnueabihf-gcc -c  -D_GNU_SOURCE  conftest.c >&5
configure:5875: $? = 0
configure:5878: arm-buildroot-linux-uclibcgnueabihf-ar cru libconftest.a @conftest.lst >&5
configure:5881: $? = 0
configure:5886: arm-buildroot-linux-uclibcgnueabihf-ar cru libconftest.a @conftest.lst >&5
arm-buildroot-linux-uclibcgnueabihf-ar: conftest.o: No such file or directory
configure:5889: $? = 1
configure:5901: result: @
configure:5919: checking for arm-buildroot-linux-uclibcgnueabihf-strip
configure:5946: result: arm-buildroot-linux-uclibcgnueabihf-strip
configure:6018: checking for arm-buildroot-linux-uclibcgnueabihf-ranlib
configure:6034: found /opt/host_builtroot_latest/usr/bin//arm-buildroot-linux-uclibcgnueabihf-ranlib
configure:6045: result: arm-buildroot-linux-uclibcgnueabihf-ranlib
configure:6187: checking command to parse /opt/host_builtroot_latest/usr/bin//arm-buildroot-linux-uclibcgnueabihf-nm -B output from /opt/host_builtroot_latest/usr/bin/arm-buildroot-linux-uclibcgnueabihf-gcc object
configure:6307: /opt/host_builtroot_latest/usr/bin/arm-buildroot-linux-uclibcgnueabihf-gcc -c  -D_GNU_SOURCE  conftest.c >&5
configure:6310: $? = 0
configure:6314: /opt/host_builtroot_latest/usr/bin//arm-buildroot-linux-uclibcgnueabihf-nm -B conftest.o \| sed -n -e 's/^.*[ ]\([ABCDGIRSTW][ABCDGIRSTW]*\)[ ][ ]*\([_A-Za-z][_A-Za-z0-9]*\)$/\1 \2 \2/p' | sed '/ __gnu_lto/d' \> conftest.nm
configure:6317: $? = 0
configure:6383: /opt/host_builtroot_latest/usr/bin/arm-buildroot-linux-uclibcgnueabihf-gcc -o conftest  -D_GNU_SOURCE   conftest.c conftstm.o >&5
configure:6386: $? = 0
configure:6424: result: ok
configure:6461: checking for sysroot
configure:6491: result: no
configure:6707: checking for arm-buildroot-linux-uclibcgnueabihf-mt
configure:6737: result: no
configure:6747: checking for mt
configure:6763: found /bin/mt
configure:6774: result: mt
configure:6786: WARNING: using cross tools not prefixed with host triplet
configure:6797: checking if mt is a manifest tool
configure:6803: mt '-?'
configure:6811: result: no
configure:7449: checking for ANSI C header files
configure:7469: /opt/host_builtroot_latest/usr/bin/arm-buildroot-linux-uclibcgnueabihf-gcc -c  -D_GNU_SOURCE  conftest.c >&5
configure:7469: $? = 0
configure:7553: result: yes
configure:7566: checking for sys/types.h
configure:7566: /opt/host_builtroot_latest/usr/bin/arm-buildroot-linux-uclibcgnueabihf-gcc -c  -D_GNU_SOURCE  conftest.c >&5
configure:7566: $? = 0
configure:7566: result: yes
configure:7566: checking for sys/stat.h
configure:7566: /opt/host_builtroot_latest/usr/bin/arm-buildroot-linux-uclibcgnueabihf-gcc -c  -D_GNU_SOURCE  conftest.c >&5
configure:7566: $? = 0
configure:7566: result: yes
configure:7566: checking for stdlib.h
configure:7566: /opt/host_builtroot_latest/usr/bin/arm-buildroot-linux-uclibcgnueabihf-gcc -c  -D_GNU_SOURCE  conftest.c >&5
configure:7566: $? = 0
configure:7566: result: yes
configure:7566: checking for string.h
configure:7566: /opt/host_builtroot_latest/usr/bin/arm-buildroot-linux-uclibcgnueabihf-gcc -c  -D_GNU_SOURCE  conftest.c >&5
configure:7566: $? = 0
configure:7566: result: yes
configure:7566: checking for memory.h
configure:7566: /opt/host_builtroot_latest/usr/bin/arm-buildroot-linux-uclibcgnueabihf-gcc -c  -D_GNU_SOURCE  conftest.c >&5
configure:7566: $? = 0
configure:7566: result: yes
configure:7566: checking for strings.h
configure:7566: /opt/host_builtroot_latest/usr/bin/arm-buildroot-linux-uclibcgnueabihf-gcc -c  -D_GNU_SOURCE  conftest.c >&5
configure:7566: $? = 0
configure:7566: result: yes
configure:7566: checking for inttypes.h
configure:7566: /opt/host_builtroot_latest/usr/bin/arm-buildroot-linux-uclibcgnueabihf-gcc -c  -D_GNU_SOURCE  conftest.c >&5
configure:7566: $? = 0
configure:7566: result: yes
configure:7566: checking for stdint.h
configure:7566: /opt/host_builtroot_latest/usr/bin/arm-buildroot-linux-uclibcgnueabihf-gcc -c  -D_GNU_SOURCE  conftest.c >&5
configure:7566: $? = 0
configure:7566: result: yes
configure:7566: checking for unistd.h
configure:7566: /opt/host_builtroot_latest/usr/bin/arm-buildroot-linux-uclibcgnueabihf-gcc -c  -D_GNU_SOURCE  conftest.c >&5
configure:7566: $? = 0
configure:7566: result: yes
configure:7580: checking for dlfcn.h
configure:7580: /opt/host_builtroot_latest/usr/bin/arm-buildroot-linux-uclibcgnueabihf-gcc -c  -D_GNU_SOURCE  conftest.c >&5
configure:7580: $? = 0
configure:7580: result: yes
configure:7754: checking for objdir
configure:7769: result: .libs
configure:8036: checking if /opt/host_builtroot_latest/usr/bin/arm-buildroot-linux-uclibcgnueabihf-gcc supports -fno-rtti -fno-exceptions
configure:8054: /opt/host_builtroot_latest/usr/bin/arm-buildroot-linux-uclibcgnueabihf-gcc -c  -D_GNU_SOURCE  -fno-rtti -fno-exceptions conftest.c >&5
cc1: warning: command line option '-fno-rtti' is valid for C++/ObjC++ but not for C [enabled by default]
configure:8058: $? = 0
configure:8071: result: no
configure:8398: checking for /opt/host_builtroot_latest/usr/bin/arm-buildroot-linux-uclibcgnueabihf-gcc option to produce PIC
configure:8405: result: -fPIC -DPIC
configure:8413: checking if /opt/host_builtroot_latest/usr/bin/arm-buildroot-linux-uclibcgnueabihf-gcc PIC flag -fPIC -DPIC works
configure:8431: /opt/host_builtroot_latest/usr/bin/arm-buildroot-linux-uclibcgnueabihf-gcc -c  -D_GNU_SOURCE  -fPIC -DPIC -DPIC conftest.c >&5
configure:8435: $? = 0
configure:8448: result: yes
configure:8477: checking if /opt/host_builtroot_latest/usr/bin/arm-buildroot-linux-uclibcgnueabihf-gcc static flag -static works
configure:8505: result: yes
configure:8520: checking if /opt/host_builtroot_latest/usr/bin/arm-buildroot-linux-uclibcgnueabihf-gcc supports -c -o file.o
configure:8541: /opt/host_builtroot_latest/usr/bin/arm-buildroot-linux-uclibcgnueabihf-gcc -c  -D_GNU_SOURCE  -o out/conftest2.o conftest.c >&5
configure:8545: $? = 0
configure:8567: result: yes
configure:8575: checking if /opt/host_builtroot_latest/usr/bin/arm-buildroot-linux-uclibcgnueabihf-gcc supports -c -o file.o
configure:8622: result: yes
configure:8655: checking whether the /opt/host_builtroot_latest/usr/bin/arm-buildroot-linux-uclibcgnueabihf-gcc linker (/opt/host_builtroot_latest/usr/arm-buildroot-linux-uclibcgnueabihf/bin/ld) supports shared libraries
configure:9808: result: yes
configure:9845: checking whether -lc should be explicitly linked in
configure:9853: /opt/host_builtroot_latest/usr/bin/arm-buildroot-linux-uclibcgnueabihf-gcc -c  -D_GNU_SOURCE  conftest.c >&5
configure:9856: $? = 0
configure:9871: /opt/host_builtroot_latest/usr/bin/arm-buildroot-linux-uclibcgnueabihf-gcc -shared  -fPIC -DPIC conftest.o  -v -Wl,-soname -Wl,conftest -o conftest 2\>\&1 \| /bin/grep  -lc  \>/dev/null 2\>\&1
configure:9874: $? = 0
configure:9888: result: no
configure:10048: checking dynamic linker characteristics
configure:10559: /opt/host_builtroot_latest/usr/bin/arm-buildroot-linux-uclibcgnueabihf-gcc -o conftest  -D_GNU_SOURCE   -Wl,-rpath -Wl,/foo conftest.c  >&5
configure:10559: $? = 0
configure:10785: result: GNU/Linux ld.so
configure:10892: checking how to hardcode library paths into programs
configure:10917: result: immediate
configure:11011: checking for shl_load
configure:11011: /opt/host_builtroot_latest/usr/bin/arm-buildroot-linux-uclibcgnueabihf-gcc -o conftest  -D_GNU_SOURCE   conftest.c  >&5
/tmp/ccWxXnwj.o: In function `main':
conftest.c:(.text+0x8): undefined reference to `shl_load'
collect2: error: ld returned 1 exit status
configure:11011: $? = 1
configure: failed program was:
| /* confdefs.h */
| #define PACKAGE_NAME "alsa-lib"
| #define PACKAGE_TARNAME "alsa-lib"
| #define PACKAGE_VERSION "1.0.29"
| #define PACKAGE_STRING "alsa-lib 1.0.29"
| #define PACKAGE_BUGREPORT ""
| #define PACKAGE_URL ""
| #define PACKAGE "alsa-lib"
| #define VERSION "1.0.29"
| #define STDC_HEADERS 1
| #define HAVE_SYS_TYPES_H 1
| #define HAVE_SYS_STAT_H 1
| #define HAVE_STDLIB_H 1
| #define HAVE_STRING_H 1
| #define HAVE_MEMORY_H 1
| #define HAVE_STRINGS_H 1
| #define HAVE_INTTYPES_H 1
| #define HAVE_STDINT_H 1
| #define HAVE_UNISTD_H 1
| #define HAVE_DLFCN_H 1
| #define LT_OBJDIR ".libs/"
| /* end confdefs.h.  */
| /* Define shl_load to an innocuous variant, in case <limits.h> declares shl_load.
|    For example, HP-UX 11i <limits.h> declares gettimeofday.  */
| #define shl_load innocuous_shl_load
| 
| /* System header to define __stub macros and hopefully few prototypes,
|     which can conflict with char shl_load (); below.
|     Prefer <limits.h> to <assert.h> if __STDC__ is defined, since
|     <limits.h> exists even on freestanding compilers.  */
| 
| #ifdef __STDC__
| # include <limits.h>
| #else
| # include <assert.h>
| #endif
| 
| #undef shl_load
| 
| /* Override any GCC internal prototype to avoid an error.
|    Use char because int might match the return type of a GCC
|    builtin and then its argument prototype would still apply.  */
| #ifdef __cplusplus
| extern "C"
| #endif
| char shl_load ();
| /* The GNU C library defines this for functions which it implements
|     to always fail with ENOSYS.  Some functions are actually named
|     something starting with __ and the normal name is an alias.  */
| #if defined __stub_shl_load || defined __stub___shl_load
| choke me
| #endif
| 
| int
| main ()
| {
| return shl_load ();
|   ;
|   return 0;
| }
configure:11011: result: no
configure:11015: checking for shl_load in -ldld
configure:11040: /opt/host_builtroot_latest/usr/bin/arm-buildroot-linux-uclibcgnueabihf-gcc -o conftest  -D_GNU_SOURCE   conftest.c -ldld   >&5
/opt/host_builtroot_latest/usr/bin/../lib/gcc/arm-buildroot-linux-uclibcgnueabihf/4.8.3/../../../../arm-buildroot-linux-uclibcgnueabihf/bin/ld: cannot find -ldld
collect2: error: ld returned 1 exit status
configure:11040: $? = 1
configure: failed program was:
| /* confdefs.h */
| #define PACKAGE_NAME "alsa-lib"
| #define PACKAGE_TARNAME "alsa-lib"
| #define PACKAGE_VERSION "1.0.29"
| #define PACKAGE_STRING "alsa-lib 1.0.29"
| #define PACKAGE_BUGREPORT ""
| #define PACKAGE_URL ""
| #define PACKAGE "alsa-lib"
| #define VERSION "1.0.29"
| #define STDC_HEADERS 1
| #define HAVE_SYS_TYPES_H 1
| #define HAVE_SYS_STAT_H 1
| #define HAVE_STDLIB_H 1
| #define HAVE_STRING_H 1
| #define HAVE_MEMORY_H 1
| #define HAVE_STRINGS_H 1
| #define HAVE_INTTYPES_H 1
| #define HAVE_STDINT_H 1
| #define HAVE_UNISTD_H 1
| #define HAVE_DLFCN_H 1
| #define LT_OBJDIR ".libs/"
| /* end confdefs.h.  */
| 
| /* Override any GCC internal prototype to avoid an error.
|    Use char because int might match the return type of a GCC
|    builtin and then its argument prototype would still apply.  */
| #ifdef __cplusplus
| extern "C"
| #endif
| char shl_load ();
| int
| main ()
| {
| return shl_load ();
|   ;
|   return 0;
| }
configure:11049: result: no
configure:11054: checking for dlopen
configure:11054: /opt/host_builtroot_latest/usr/bin/arm-buildroot-linux-uclibcgnueabihf-gcc -o conftest  -D_GNU_SOURCE   conftest.c  >&5
/tmp/cc2XfK7J.o: In function `main':
conftest.c:(.text+0x8): undefined reference to `dlopen'
collect2: error: ld returned 1 exit status
configure:11054: $? = 1
configure: failed program was:
| /* confdefs.h */
| #define PACKAGE_NAME "alsa-lib"
| #define PACKAGE_TARNAME "alsa-lib"
| #define PACKAGE_VERSION "1.0.29"
| #define PACKAGE_STRING "alsa-lib 1.0.29"
| #define PACKAGE_BUGREPORT ""
| #define PACKAGE_URL ""
| #define PACKAGE "alsa-lib"
| #define VERSION "1.0.29"
| #define STDC_HEADERS 1
| #define HAVE_SYS_TYPES_H 1
| #define HAVE_SYS_STAT_H 1
| #define HAVE_STDLIB_H 1
| #define HAVE_STRING_H 1
| #define HAVE_MEMORY_H 1
| #define HAVE_STRINGS_H 1
| #define HAVE_INTTYPES_H 1
| #define HAVE_STDINT_H 1
| #define HAVE_UNISTD_H 1
| #define HAVE_DLFCN_H 1
| #define LT_OBJDIR ".libs/"
| /* end confdefs.h.  */
| /* Define dlopen to an innocuous variant, in case <limits.h> declares dlopen.
|    For example, HP-UX 11i <limits.h> declares gettimeofday.  */
| #define dlopen innocuous_dlopen
| 
| /* System header to define __stub macros and hopefully few prototypes,
|     which can conflict with char dlopen (); below.
|     Prefer <limits.h> to <assert.h> if __STDC__ is defined, since
|     <limits.h> exists even on freestanding compilers.  */
| 
| #ifdef __STDC__
| # include <limits.h>
| #else
| # include <assert.h>
| #endif
| 
| #undef dlopen
| 
| /* Override any GCC internal prototype to avoid an error.
|    Use char because int might match the return type of a GCC
|    builtin and then its argument prototype would still apply.  */
| #ifdef __cplusplus
| extern "C"
| #endif
| char dlopen ();
| /* The GNU C library defines this for functions which it implements
|     to always fail with ENOSYS.  Some functions are actually named
|     something starting with __ and the normal name is an alias.  */
| #if defined __stub_dlopen || defined __stub___dlopen
| choke me
| #endif
| 
| int
| main ()
| {
| return dlopen ();
|   ;
|   return 0;
| }
configure:11054: result: no
configure:11058: checking for dlopen in -ldl
configure:11083: /opt/host_builtroot_latest/usr/bin/arm-buildroot-linux-uclibcgnueabihf-gcc -o conftest  -D_GNU_SOURCE   conftest.c -ldl   >&5
configure:11083: $? = 0
configure:11092: result: yes
configure:11211: checking whether a program can dlopen itself
configure:11312: result: cross
configure:11457: checking whether stripping libraries is possible
configure:11462: result: yes
configure:11497: checking if libtool supports shared libraries
configure:11499: result: yes
configure:11502: checking whether to build shared libraries
configure:11523: result: yes
configure:11526: checking whether to build static libraries
configure:11530: result: no
configure:11570: checking for ANSI C header files
configure:11674: result: yes
configure:11685: checking for an ANSI C-conforming const
configure:11751: /opt/host_builtroot_latest/usr/bin/arm-buildroot-linux-uclibcgnueabihf-gcc -c  -D_GNU_SOURCE  conftest.c >&5
configure:11751: $? = 0
configure:11758: result: yes
configure:11766: checking for inline
configure:11782: /opt/host_builtroot_latest/usr/bin/arm-buildroot-linux-uclibcgnueabihf-gcc -c  -D_GNU_SOURCE  conftest.c >&5
configure:11782: $? = 0
configure:11790: result: inline
configure:11808: checking whether time.h and sys/time.h may both be included
configure:11828: /opt/host_builtroot_latest/usr/bin/arm-buildroot-linux-uclibcgnueabihf-gcc -c  -D_GNU_SOURCE  conftest.c >&5
configure:11828: $? = 0
configure:11835: result: yes
configure:11845: checking whether /opt/host_builtroot_latest/usr/bin/arm-buildroot-linux-uclibcgnueabihf-gcc needs -traditional
In file included from conftest.c:25:0:
/opt/host_builtroot_latest/usr/arm-buildroot-linux-uclibcgnueabihf/sysroot/usr/include/sgtty.h:22:2: warning: #warning useless header on uClibc [-Wcpp]
 #warning useless header on uClibc
  ^
configure:11879: result: no
configure:11888: checking for uselocale
configure:11888: /opt/host_builtroot_latest/usr/bin/arm-buildroot-linux-uclibcgnueabihf-gcc -o conftest  -D_GNU_SOURCE   conftest.c  >&5
configure:11888: $? = 0
configure:11888: result: yes
configure:11899: checking for library version
configure:11924: result: major 1 minor 0 subminor 29 extrastr  extraver 1000000
configure:12015: checking for versioned symbols
configure:12049: result: no
configure:12061: checking for symbolic-functions
configure:12080: result: no
configure:12092: checking for custom symbol prefixes
configure:12105: result: 
configure:12108: checking for debug
configure:12119: result: yes
configure:12130: checking for debug assert
configure:12146: result: no
configure:12151: checking for tmpdir
configure:12161: result: /tmp
configure:12169: checking for softfloat
configure:12187: result: no
configure:12196: checking for libdl
configure:12208: checking for dlsym in -ldl
configure:12233: /opt/host_builtroot_latest/usr/bin/arm-buildroot-linux-uclibcgnueabihf-gcc -o conftest  -D_GNU_SOURCE   conftest.c -ldl   >&5
configure:12233: $? = 0
configure:12242: result: yes
configure:12267: checking for pthread
configure:12278: checking for pthread_join in -lpthread
configure:12303: /opt/host_builtroot_latest/usr/bin/arm-buildroot-linux-uclibcgnueabihf-gcc -o conftest  -D_GNU_SOURCE   conftest.c -lpthread   >&5
configure:12303: $? = 0
configure:12312: result: yes
configure:12329: checking for __thread
configure:12344: /opt/host_builtroot_latest/usr/bin/arm-buildroot-linux-uclibcgnueabihf-gcc -o conftest  -D_GNU_SOURCE   conftest.c  >&5
configure:12344: $? = 0
configure:12348: result: yes
configure:12357: checking for librt
configure:12368: checking for clock_gettime in -lrt
configure:12393: /opt/host_builtroot_latest/usr/bin/arm-buildroot-linux-uclibcgnueabihf-gcc -o conftest  -D_GNU_SOURCE   conftest.c -lrt   >&5
configure:12393: $? = 0
configure:12402: result: yes
configure:12427: checking wordexp.h usability
configure:12427: /opt/host_builtroot_latest/usr/bin/arm-buildroot-linux-uclibcgnueabihf-gcc -c  -D_GNU_SOURCE  conftest.c >&5
conftest.c:70:21: fatal error: wordexp.h: No such file or directory
 #include <wordexp.h>
                     ^
compilation terminated.
configure:12427: $? = 1
configure: failed program was:
| /* confdefs.h */
| #define PACKAGE_NAME "alsa-lib"
| #define PACKAGE_TARNAME "alsa-lib"
| #define PACKAGE_VERSION "1.0.29"
| #define PACKAGE_STRING "alsa-lib 1.0.29"
| #define PACKAGE_BUGREPORT ""
| #define PACKAGE_URL ""
| #define PACKAGE "alsa-lib"
| #define VERSION "1.0.29"
| #define STDC_HEADERS 1
| #define HAVE_SYS_TYPES_H 1
| #define HAVE_SYS_STAT_H 1
| #define HAVE_STDLIB_H 1
| #define HAVE_STRING_H 1
| #define HAVE_MEMORY_H 1
| #define HAVE_STRINGS_H 1
| #define HAVE_INTTYPES_H 1
| #define HAVE_STDINT_H 1
| #define HAVE_UNISTD_H 1
| #define HAVE_DLFCN_H 1
| #define LT_OBJDIR ".libs/"
| #define STDC_HEADERS 1
| #define TIME_WITH_SYS_TIME 1
| #define HAVE_USELOCALE 1
| #define VERSION "1.0.29"
| #define ALSA_CONFIG_DIR "/home/tao/work/sama5d3/pos/audio/install/share/alsa"
| #define ALSA_PLUGIN_DIR "/home/tao/work/sama5d3/pos/audio/install/lib/alsa-lib"
| #define ALSA_PKGCONF_DIR "/home/tao/work/sama5d3/pos/audio/install/lib/pkgconfig"
| #define __SYMBOL_PREFIX ""
| #define TMPDIR "/tmp"
| #define HAVE_LIBDL 1
| #define HAVE_LIBPTHREAD 1
| #define HAVE___THREAD 1
| #define HAVE_LIBRT 1
| #define HAVE_CLOCK_GETTIME 1
| /* end confdefs.h.  */
| #include <stdio.h>
| #ifdef HAVE_SYS_TYPES_H
| # include <sys/types.h>
| #endif
| #ifdef HAVE_SYS_STAT_H
| # include <sys/stat.h>
| #endif
| #ifdef STDC_HEADERS
| # include <stdlib.h>
| # include <stddef.h>
| #else
| # ifdef HAVE_STDLIB_H
| #  include <stdlib.h>
| # endif
| #endif
| #ifdef HAVE_STRING_H
| # if !defined STDC_HEADERS && defined HAVE_MEMORY_H
| #  include <memory.h>
| # endif
| # include <string.h>
| #endif
| #ifdef HAVE_STRINGS_H
| # include <strings.h>
| #endif
| #ifdef HAVE_INTTYPES_H
| # include <inttypes.h>
| #endif
| #ifdef HAVE_STDINT_H
| # include <stdint.h>
| #endif
| #ifdef HAVE_UNISTD_H
| # include <unistd.h>
| #endif
| #include <wordexp.h>
configure:12427: result: no
configure:12427: checking wordexp.h presence
configure:12427: /opt/host_builtroot_latest/usr/bin/arm-buildroot-linux-uclibcgnueabihf-gcc -E  conftest.c
conftest.c:37:21: fatal error: wordexp.h: No such file or directory
 #include <wordexp.h>
                     ^
compilation terminated.
configure:12427: $? = 1
configure: failed program was:
| /* confdefs.h */
| #define PACKAGE_NAME "alsa-lib"
| #define PACKAGE_TARNAME "alsa-lib"
| #define PACKAGE_VERSION "1.0.29"
| #define PACKAGE_STRING "alsa-lib 1.0.29"
| #define PACKAGE_BUGREPORT ""
| #define PACKAGE_URL ""
| #define PACKAGE "alsa-lib"
| #define VERSION "1.0.29"
| #define STDC_HEADERS 1
| #define HAVE_SYS_TYPES_H 1
| #define HAVE_SYS_STAT_H 1
| #define HAVE_STDLIB_H 1
| #define HAVE_STRING_H 1
| #define HAVE_MEMORY_H 1
| #define HAVE_STRINGS_H 1
| #define HAVE_INTTYPES_H 1
| #define HAVE_STDINT_H 1
| #define HAVE_UNISTD_H 1
| #define HAVE_DLFCN_H 1
| #define LT_OBJDIR ".libs/"
| #define STDC_HEADERS 1
| #define TIME_WITH_SYS_TIME 1
| #define HAVE_USELOCALE 1
| #define VERSION "1.0.29"
| #define ALSA_CONFIG_DIR "/home/tao/work/sama5d3/pos/audio/install/share/alsa"
| #define ALSA_PLUGIN_DIR "/home/tao/work/sama5d3/pos/audio/install/lib/alsa-lib"
| #define ALSA_PKGCONF_DIR "/home/tao/work/sama5d3/pos/audio/install/lib/pkgconfig"
| #define __SYMBOL_PREFIX ""
| #define TMPDIR "/tmp"
| #define HAVE_LIBDL 1
| #define HAVE_LIBPTHREAD 1
| #define HAVE___THREAD 1
| #define HAVE_LIBRT 1
| #define HAVE_CLOCK_GETTIME 1
| /* end confdefs.h.  */
| #include <wordexp.h>
configure:12427: result: no
configure:12427: checking for wordexp.h
configure:12427: result: no
configure:12427: checking endian.h usability
configure:12427: /opt/host_builtroot_latest/usr/bin/arm-buildroot-linux-uclibcgnueabihf-gcc -c  -D_GNU_SOURCE  conftest.c >&5
configure:12427: $? = 0
configure:12427: result: yes
configure:12427: checking endian.h presence
configure:12427: /opt/host_builtroot_latest/usr/bin/arm-buildroot-linux-uclibcgnueabihf-gcc -E  conftest.c
configure:12427: $? = 0
configure:12427: result: yes
configure:12427: checking for endian.h
configure:12427: result: yes
configure:12427: checking sys/endian.h usability
configure:12427: /opt/host_builtroot_latest/usr/bin/arm-buildroot-linux-uclibcgnueabihf-gcc -c  -D_GNU_SOURCE  conftest.c >&5
conftest.c:71:24: fatal error: sys/endian.h: No such file or directory
 #include <sys/endian.h>
                        ^
compilation terminated.
configure:12427: $? = 1
configure: failed program was:
| /* confdefs.h */
| #define PACKAGE_NAME "alsa-lib"
| #define PACKAGE_TARNAME "alsa-lib"
| #define PACKAGE_VERSION "1.0.29"
| #define PACKAGE_STRING "alsa-lib 1.0.29"
| #define PACKAGE_BUGREPORT ""
| #define PACKAGE_URL ""
| #define PACKAGE "alsa-lib"
| #define VERSION "1.0.29"
| #define STDC_HEADERS 1
| #define HAVE_SYS_TYPES_H 1
| #define HAVE_SYS_STAT_H 1
| #define HAVE_STDLIB_H 1
| #define HAVE_STRING_H 1
| #define HAVE_MEMORY_H 1
| #define HAVE_STRINGS_H 1
| #define HAVE_INTTYPES_H 1
| #define HAVE_STDINT_H 1
| #define HAVE_UNISTD_H 1
| #define HAVE_DLFCN_H 1
| #define LT_OBJDIR ".libs/"
| #define STDC_HEADERS 1
| #define TIME_WITH_SYS_TIME 1
| #define HAVE_USELOCALE 1
| #define VERSION "1.0.29"
| #define ALSA_CONFIG_DIR "/home/tao/work/sama5d3/pos/audio/install/share/alsa"
| #define ALSA_PLUGIN_DIR "/home/tao/work/sama5d3/pos/audio/install/lib/alsa-lib"
| #define ALSA_PKGCONF_DIR "/home/tao/work/sama5d3/pos/audio/install/lib/pkgconfig"
| #define __SYMBOL_PREFIX ""
| #define TMPDIR "/tmp"
| #define HAVE_LIBDL 1
| #define HAVE_LIBPTHREAD 1
| #define HAVE___THREAD 1
| #define HAVE_LIBRT 1
| #define HAVE_CLOCK_GETTIME 1
| #define HAVE_ENDIAN_H 1
| /* end confdefs.h.  */
| #include <stdio.h>
| #ifdef HAVE_SYS_TYPES_H
| # include <sys/types.h>
| #endif
| #ifdef HAVE_SYS_STAT_H
| # include <sys/stat.h>
| #endif
| #ifdef STDC_HEADERS
| # include <stdlib.h>
| # include <stddef.h>
| #else
| # ifdef HAVE_STDLIB_H
| #  include <stdlib.h>
| # endif
| #endif
| #ifdef HAVE_STRING_H
| # if !defined STDC_HEADERS && defined HAVE_MEMORY_H
| #  include <memory.h>
| # endif
| # include <string.h>
| #endif
| #ifdef HAVE_STRINGS_H
| # include <strings.h>
| #endif
| #ifdef HAVE_INTTYPES_H
| # include <inttypes.h>
| #endif
| #ifdef HAVE_STDINT_H
| # include <stdint.h>
| #endif
| #ifdef HAVE_UNISTD_H
| # include <unistd.h>
| #endif
| #include <sys/endian.h>
configure:12427: result: no
configure:12427: checking sys/endian.h presence
configure:12427: /opt/host_builtroot_latest/usr/bin/arm-buildroot-linux-uclibcgnueabihf-gcc -E  conftest.c
conftest.c:38:24: fatal error: sys/endian.h: No such file or directory
 #include <sys/endian.h>
                        ^
compilation terminated.
configure:12427: $? = 1
configure: failed program was:
| /* confdefs.h */
| #define PACKAGE_NAME "alsa-lib"
| #define PACKAGE_TARNAME "alsa-lib"
| #define PACKAGE_VERSION "1.0.29"
| #define PACKAGE_STRING "alsa-lib 1.0.29"
| #define PACKAGE_BUGREPORT ""
| #define PACKAGE_URL ""
| #define PACKAGE "alsa-lib"
| #define VERSION "1.0.29"
| #define STDC_HEADERS 1
| #define HAVE_SYS_TYPES_H 1
| #define HAVE_SYS_STAT_H 1
| #define HAVE_STDLIB_H 1
| #define HAVE_STRING_H 1
| #define HAVE_MEMORY_H 1
| #define HAVE_STRINGS_H 1
| #define HAVE_INTTYPES_H 1
| #define HAVE_STDINT_H 1
| #define HAVE_UNISTD_H 1
| #define HAVE_DLFCN_H 1
| #define LT_OBJDIR ".libs/"
| #define STDC_HEADERS 1
| #define TIME_WITH_SYS_TIME 1
| #define HAVE_USELOCALE 1
| #define VERSION "1.0.29"
| #define ALSA_CONFIG_DIR "/home/tao/work/sama5d3/pos/audio/install/share/alsa"
| #define ALSA_PLUGIN_DIR "/home/tao/work/sama5d3/pos/audio/install/lib/alsa-lib"
| #define ALSA_PKGCONF_DIR "/home/tao/work/sama5d3/pos/audio/install/lib/pkgconfig"
| #define __SYMBOL_PREFIX ""
| #define TMPDIR "/tmp"
| #define HAVE_LIBDL 1
| #define HAVE_LIBPTHREAD 1
| #define HAVE___THREAD 1
| #define HAVE_LIBRT 1
| #define HAVE_CLOCK_GETTIME 1
| #define HAVE_ENDIAN_H 1
| /* end confdefs.h.  */
| #include <sys/endian.h>
configure:12427: result: no
configure:12427: checking for sys/endian.h
configure:12427: result: no
configure:12438: checking for resmgr support
configure:12447: result: no
configure:12502: checking for aload* support
configure:12511: result: yes
configure:12519: checking for ALSA device file directory
configure:12537: result: /dev/snd/
configure:12540: checking for aload* device file directory
configure:12558: result: /dev/
configure:12777: checking whether GCC supports builtin atomic intrinsics
configure:12795: /opt/host_builtroot_latest/usr/bin/arm-buildroot-linux-uclibcgnueabihf-gcc -o conftest  -D_GNU_SOURCE   conftest.c  >&5
configure:12795: $? = 0
configure:12803: result: yes
configure:13182: checking for max number of cards
configure:13192: result: 32
configure:13323: checking that generated files are newer than configure
configure:13329: result: done
configure:13532: creating ./config.status

## ---------------------- ##
## Running config.status. ##
## ---------------------- ##

This file was extended by alsa-lib config.status 1.0.29, which was
generated by GNU Autoconf 2.69.  Invocation command line was

  CONFIG_FILES    = 
  CONFIG_HEADERS  = 
  CONFIG_LINKS    = 
  CONFIG_COMMANDS = 
  $ ./config.status 

on u

config.status:1255: creating Makefile
config.status:1255: creating doc/Makefile
config.status:1255: creating doc/pictures/Makefile
config.status:1255: creating doc/doxygen.cfg
config.status:1255: creating include/Makefile
config.status:1255: creating include/sound/Makefile
config.status:1255: creating src/Versions
config.status:1255: creating src/Makefile
config.status:1255: creating src/control/Makefile
config.status:1255: creating src/mixer/Makefile
config.status:1255: creating src/pcm/Makefile
config.status:1255: creating src/pcm/scopes/Makefile
config.status:1255: creating src/rawmidi/Makefile
config.status:1255: creating src/timer/Makefile
config.status:1255: creating src/hwdep/Makefile
config.status:1255: creating src/seq/Makefile
config.status:1255: creating src/ucm/Makefile
config.status:1255: creating src/alisp/Makefile
config.status:1255: creating src/conf/Makefile
config.status:1255: creating src/conf/alsa.conf.d/Makefile
config.status:1255: creating src/conf/cards/Makefile
config.status:1255: creating src/conf/pcm/Makefile
config.status:1255: creating src/conf/ucm/Makefile
config.status:1255: creating src/conf/ucm/DAISY-I2S/Makefile
config.status:1255: creating src/conf/ucm/PandaBoard/Makefile
config.status:1255: creating src/conf/ucm/PandaBoardES/Makefile
config.status:1255: creating src/conf/ucm/SDP4430/Makefile
config.status:1255: creating src/conf/ucm/tegraalc5632/Makefile
config.status:1255: creating src/conf/ucm/PAZ00/Makefile
config.status:1255: creating src/conf/ucm/GoogleNyan/Makefile
config.status:1255: creating modules/Makefile
config.status:1255: creating modules/mixer/Makefile
config.status:1255: creating modules/mixer/simple/Makefile
config.status:1255: creating alsalisp/Makefile
config.status:1255: creating aserver/Makefile
config.status:1255: creating test/Makefile
config.status:1255: creating test/lsb/Makefile
config.status:1255: creating utils/Makefile
config.status:1255: creating utils/alsa-lib.spec
config.status:1255: creating utils/alsa.pc
config.status:1255: creating include/config.h
config.status:1484: executing depfiles commands
config.status:1484: executing libtool commands

## ---------------- ##
## Cache variables. ##
## ---------------- ##

ac_cv_build=i686-pc-linux-gnu
ac_cv_c_compiler_gnu=yes
ac_cv_c_const=yes
ac_cv_c_inline=inline
ac_cv_env_CC_set=set
ac_cv_env_CC_value=/opt/host_builtroot_latest/usr/bin/arm-buildroot-linux-uclibcgnueabihf-gcc
ac_cv_env_CFLAGS_set=
ac_cv_env_CFLAGS_value=
ac_cv_env_CPPFLAGS_set=
ac_cv_env_CPPFLAGS_value=
ac_cv_env_CPP_set=
ac_cv_env_CPP_value=
ac_cv_env_LDFLAGS_set=
ac_cv_env_LDFLAGS_value=
ac_cv_env_LIBS_set=
ac_cv_env_LIBS_value=
ac_cv_env_build_alias_set=
ac_cv_env_build_alias_value=
ac_cv_env_host_alias_set=set
ac_cv_env_host_alias_value=arm-buildroot-linux-uclibcgnueabihf
ac_cv_env_target_alias_set=
ac_cv_env_target_alias_value=
ac_cv_func_dlopen=no
ac_cv_func_shl_load=no
ac_cv_func_uselocale=yes
ac_cv_header_dlfcn_h=yes
ac_cv_header_endian_h=yes
ac_cv_header_inttypes_h=yes
ac_cv_header_memory_h=yes
ac_cv_header_stdc=yes
ac_cv_header_stdint_h=yes
ac_cv_header_stdlib_h=yes
ac_cv_header_string_h=yes
ac_cv_header_strings_h=yes
ac_cv_header_sys_endian_h=no
ac_cv_header_sys_stat_h=yes
ac_cv_header_sys_types_h=yes
ac_cv_header_time=yes
ac_cv_header_unistd_h=yes
ac_cv_header_wordexp_h=no
ac_cv_host=arm-buildroot-linux-uclibcgnueabihf
ac_cv_lib_dl_dlopen=yes
ac_cv_lib_dl_dlsym=yes
ac_cv_lib_dld_shl_load=no
ac_cv_lib_pthread_pthread_join=yes
ac_cv_lib_rt_clock_gettime=yes
ac_cv_objext=o
ac_cv_path_EGREP='/bin/grep -E'
ac_cv_path_FGREP='/bin/grep -F'
ac_cv_path_GREP=/bin/grep
ac_cv_path_SED=/bin/sed
ac_cv_path_install='/usr/bin/install -c'
ac_cv_path_mkdir=/bin/mkdir
ac_cv_prog_AR=arm-buildroot-linux-uclibcgnueabihf-ar
ac_cv_prog_AWK=mawk
ac_cv_prog_CC=/opt/host_builtroot_latest/usr/bin/arm-buildroot-linux-uclibcgnueabihf-gcc
ac_cv_prog_CPP='/opt/host_builtroot_latest/usr/bin/arm-buildroot-linux-uclibcgnueabihf-gcc -E'
ac_cv_prog_OBJDUMP=arm-buildroot-linux-uclibcgnueabihf-objdump
ac_cv_prog_RANLIB=arm-buildroot-linux-uclibcgnueabihf-ranlib
ac_cv_prog_STRIP=arm-buildroot-linux-uclibcgnueabihf-strip
ac_cv_prog_ac_ct_MANIFEST_TOOL=mt
ac_cv_prog_cc_c89=
ac_cv_prog_cc_g=yes
ac_cv_prog_gcc_traditional=no
ac_cv_prog_make_make_set=yes
am_cv_CC_dependencies_compiler_type=gcc3
am_cv_make_support_nested_variables=yes
lt_cv_ar_at_file=@
lt_cv_archive_cmds_need_lc=no
lt_cv_deplibs_check_method=pass_all
lt_cv_dlopen=dlopen
lt_cv_dlopen_libs=-ldl
lt_cv_dlopen_self=cross
lt_cv_file_magic_cmd='$MAGIC_CMD'
lt_cv_file_magic_test_file=
lt_cv_ld_reload_flag=-r
lt_cv_nm_interface='BSD nm'
lt_cv_objdir=.libs
lt_cv_path_LD=/opt/host_builtroot_latest/usr/arm-buildroot-linux-uclibcgnueabihf/bin/ld
lt_cv_path_NM='/opt/host_builtroot_latest/usr/bin//arm-buildroot-linux-uclibcgnueabihf-nm -B'
lt_cv_path_mainfest_tool=no
lt_cv_prog_compiler_c_o=yes
lt_cv_prog_compiler_pic='-fPIC -DPIC'
lt_cv_prog_compiler_pic_works=yes
lt_cv_prog_compiler_rtti_exceptions=no
lt_cv_prog_compiler_static_works=yes
lt_cv_prog_gnu_ld=yes
lt_cv_sharedlib_from_linklib_cmd='printf %s\n'
lt_cv_shlibpath_overrides_runpath=no
lt_cv_sys_global_symbol_pipe='sed -n -e '\''s/^.*[	 ]\([ABCDGIRSTW][ABCDGIRSTW]*\)[	 ][	 ]*\([_A-Za-z][_A-Za-z0-9]*\)$/\1 \2 \2/p'\'' | sed '\''/ __gnu_lto/d'\'''
lt_cv_sys_global_symbol_to_c_name_address='sed -n -e '\''s/^: \([^ ]*\)[ ]*$/  {\"\1\", (void *) 0},/p'\'' -e '\''s/^[ABCDGIRSTW]* \([^ ]*\) \([^ ]*\)$/  {"\2", (void *) \&\2},/p'\'''
lt_cv_sys_global_symbol_to_c_name_address_lib_prefix='sed -n -e '\''s/^: \([^ ]*\)[ ]*$/  {\"\1\", (void *) 0},/p'\'' -e '\''s/^[ABCDGIRSTW]* \([^ ]*\) \(lib[^ ]*\)$/  {"\2", (void *) \&\2},/p'\'' -e '\''s/^[ABCDGIRSTW]* \([^ ]*\) \([^ ]*\)$/  {"lib\2", (void *) \&\2},/p'\'''
lt_cv_sys_global_symbol_to_cdecl='sed -n -e '\''s/^T .* \(.*\)$/extern int \1();/p'\'' -e '\''s/^[ABCDGIRSTW]* .* \(.*\)$/extern char \1;/p'\'''
lt_cv_sys_max_cmd_len=1572864
lt_cv_to_host_file_cmd=func_convert_file_noop
lt_cv_to_tool_file_cmd=func_convert_file_noop

## ----------------- ##
## Output variables. ##
## ----------------- ##

ACLOCAL='${SHELL} /home/tao/work/sama5d3/pos/audio/alsa-lib-1.0.29/missing --run aclocal-1.12'
ALSA_CONFIG_DIR='/home/tao/work/sama5d3/pos/audio/install/share/alsa'
ALSA_DEPLIBS='-lm -ldl -lpthread -lrt'
ALSA_PKGCONF_DIR='/home/tao/work/sama5d3/pos/audio/install/lib/pkgconfig'
ALSA_PLUGIN_DIR='/home/tao/work/sama5d3/pos/audio/install/lib/alsa-lib'
AMDEPBACKSLASH='\'
AMDEP_FALSE='#'
AMDEP_TRUE=''
AMTAR='$${TAR-tar}'
AM_BACKSLASH='\'
AM_DEFAULT_V='$(AM_DEFAULT_VERBOSITY)'
AM_DEFAULT_VERBOSITY='0'
AM_V='$(V)'
AR='arm-buildroot-linux-uclibcgnueabihf-ar'
AUTOCONF='${SHELL} /home/tao/work/sama5d3/pos/audio/alsa-lib-1.0.29/missing --run autoconf'
AUTOHEADER='${SHELL} /home/tao/work/sama5d3/pos/audio/alsa-lib-1.0.29/missing --run autoheader'
AUTOMAKE='${SHELL} /home/tao/work/sama5d3/pos/audio/alsa-lib-1.0.29/missing --run automake-1.12'
AWK='mawk'
BUILD_ALISP_FALSE='#'
BUILD_ALISP_TRUE=''
BUILD_CTL_PLUGIN_EXT_FALSE='#'
BUILD_CTL_PLUGIN_EXT_TRUE=''
BUILD_CTL_PLUGIN_FALSE='#'
BUILD_CTL_PLUGIN_SHM_FALSE='#'
BUILD_CTL_PLUGIN_SHM_TRUE=''
BUILD_CTL_PLUGIN_TRUE=''
BUILD_HWDEP_FALSE='#'
BUILD_HWDEP_TRUE=''
BUILD_MIXER_FALSE='#'
BUILD_MIXER_TRUE=''
BUILD_MODULES_FALSE='#'
BUILD_MODULES_TRUE=''
BUILD_PCM_FALSE='#'
BUILD_PCM_PLUGIN_ADPCM_FALSE='#'
BUILD_PCM_PLUGIN_ADPCM_TRUE=''
BUILD_PCM_PLUGIN_ALAW_FALSE='#'
BUILD_PCM_PLUGIN_ALAW_TRUE=''
BUILD_PCM_PLUGIN_ASYM_FALSE='#'
BUILD_PCM_PLUGIN_ASYM_TRUE=''
BUILD_PCM_PLUGIN_COPY_FALSE='#'
BUILD_PCM_PLUGIN_COPY_TRUE=''
BUILD_PCM_PLUGIN_DMIX_FALSE='#'
BUILD_PCM_PLUGIN_DMIX_TRUE=''
BUILD_PCM_PLUGIN_DSHARE_FALSE='#'
BUILD_PCM_PLUGIN_DSHARE_TRUE=''
BUILD_PCM_PLUGIN_DSNOOP_FALSE='#'
BUILD_PCM_PLUGIN_DSNOOP_TRUE=''
BUILD_PCM_PLUGIN_EMPTY_FALSE='#'
BUILD_PCM_PLUGIN_EMPTY_TRUE=''
BUILD_PCM_PLUGIN_EXTPLUG_FALSE='#'
BUILD_PCM_PLUGIN_EXTPLUG_TRUE=''
BUILD_PCM_PLUGIN_FALSE='#'
BUILD_PCM_PLUGIN_FILE_FALSE='#'
BUILD_PCM_PLUGIN_FILE_TRUE=''
BUILD_PCM_PLUGIN_HOOKS_FALSE='#'
BUILD_PCM_PLUGIN_HOOKS_TRUE=''
BUILD_PCM_PLUGIN_IEC958_FALSE='#'
BUILD_PCM_PLUGIN_IEC958_TRUE=''
BUILD_PCM_PLUGIN_IOPLUG_FALSE='#'
BUILD_PCM_PLUGIN_IOPLUG_TRUE=''
BUILD_PCM_PLUGIN_LADSPA_FALSE='#'
BUILD_PCM_PLUGIN_LADSPA_TRUE=''
BUILD_PCM_PLUGIN_LFLOAT_FALSE='#'
BUILD_PCM_PLUGIN_LFLOAT_TRUE=''
BUILD_PCM_PLUGIN_LINEAR_FALSE='#'
BUILD_PCM_PLUGIN_LINEAR_TRUE=''
BUILD_PCM_PLUGIN_METER_FALSE='#'
BUILD_PCM_PLUGIN_METER_TRUE=''
BUILD_PCM_PLUGIN_MMAP_EMUL_FALSE='#'
BUILD_PCM_PLUGIN_MMAP_EMUL_TRUE=''
BUILD_PCM_PLUGIN_MULAW_FALSE='#'
BUILD_PCM_PLUGIN_MULAW_TRUE=''
BUILD_PCM_PLUGIN_MULTI_FALSE='#'
BUILD_PCM_PLUGIN_MULTI_TRUE=''
BUILD_PCM_PLUGIN_NULL_FALSE='#'
BUILD_PCM_PLUGIN_NULL_TRUE=''
BUILD_PCM_PLUGIN_PLUG_FALSE='#'
BUILD_PCM_PLUGIN_PLUG_TRUE=''
BUILD_PCM_PLUGIN_RATE_FALSE='#'
BUILD_PCM_PLUGIN_RATE_TRUE=''
BUILD_PCM_PLUGIN_ROUTE_FALSE='#'
BUILD_PCM_PLUGIN_ROUTE_TRUE=''
BUILD_PCM_PLUGIN_SHARE_FALSE='#'
BUILD_PCM_PLUGIN_SHARE_TRUE=''
BUILD_PCM_PLUGIN_SHM_FALSE='#'
BUILD_PCM_PLUGIN_SHM_TRUE=''
BUILD_PCM_PLUGIN_SOFTVOL_FALSE='#'
BUILD_PCM_PLUGIN_SOFTVOL_TRUE=''
BUILD_PCM_PLUGIN_TRUE=''
BUILD_PCM_TRUE=''
BUILD_PYTHON_FALSE=''
BUILD_PYTHON_TRUE='#'
BUILD_RAWMIDI_FALSE='#'
BUILD_RAWMIDI_TRUE=''
BUILD_SEQ_FALSE='#'
BUILD_SEQ_TRUE=''
BUILD_UCM_FALSE='#'
BUILD_UCM_TRUE=''
CC='/opt/host_builtroot_latest/usr/bin/arm-buildroot-linux-uclibcgnueabihf-gcc'
CCDEPMODE='depmode=gcc3'
CFLAGS=' -D_GNU_SOURCE'
CPP='/opt/host_builtroot_latest/usr/bin/arm-buildroot-linux-uclibcgnueabihf-gcc -E'
CPPFLAGS=''
CYGPATH_W='echo'
DEFS='-DHAVE_CONFIG_H'
DEPDIR='.deps'
DLLTOOL='false'
DSYMUTIL=''
DUMPBIN=''
ECHO_C=''
ECHO_N='-n'
ECHO_T=''
EGREP='/bin/grep -E'
EXEEXT=''
FGREP='/bin/grep -F'
GREP='/bin/grep'
INSTALL_DATA='${INSTALL} -m 644'
INSTALL_M4_FALSE='#'
INSTALL_M4_TRUE=''
INSTALL_PROGRAM='${INSTALL}'
INSTALL_SCRIPT='${INSTALL}'
INSTALL_STRIP_PROGRAM='$(install_sh) -c -s'
KEEP_OLD_SYMBOLS_FALSE='#'
KEEP_OLD_SYMBOLS_TRUE=''
LD='/opt/host_builtroot_latest/usr/arm-buildroot-linux-uclibcgnueabihf/bin/ld'
LDFLAGS=''
LIBOBJS=''
LIBS=''
LIBTOOL='$(SHELL) $(top_builddir)/libtool'
LIBTOOL_VERSION_INFO='2:0:0'
LIPO=''
LN_S='ln -s'
LTLIBOBJS=''
MAINT=''
MAINTAINER_MODE_FALSE='#'
MAINTAINER_MODE_TRUE=''
MAKEINFO='${SHELL} /home/tao/work/sama5d3/pos/audio/alsa-lib-1.0.29/missing --run makeinfo'
MANIFEST_TOOL=':'
MKDIR_P='/bin/mkdir -p'
NM='/opt/host_builtroot_latest/usr/bin//arm-buildroot-linux-uclibcgnueabihf-nm -B'
NMEDIT=''
OBJDUMP='arm-buildroot-linux-uclibcgnueabihf-objdump'
OBJEXT='o'
OTOOL64=''
OTOOL=''
PACKAGE='alsa-lib'
PACKAGE_BUGREPORT=''
PACKAGE_NAME='alsa-lib'
PACKAGE_STRING='alsa-lib 1.0.29'
PACKAGE_TARNAME='alsa-lib'
PACKAGE_URL=''
PACKAGE_VERSION='1.0.29'
PATH_SEPARATOR=':'
PYTHON_INCLUDES=''
PYTHON_LIBS=''
RANLIB='arm-buildroot-linux-uclibcgnueabihf-ranlib'
SED='/bin/sed'
SET_MAKE=''
SHELL='/bin/bash'
SND_LIB_EXTRAVER='1000000'
SND_LIB_MAJOR='1'
SND_LIB_MINOR='0'
SND_LIB_SUBMINOR='29'
SND_LIB_VERSION='1.0.29'
STRIP='arm-buildroot-linux-uclibcgnueabihf-strip'
SYMBOLIC_FUNCTIONS_FALSE=''
SYMBOLIC_FUNCTIONS_TRUE='#'
SYMBOL_PREFIX=''
VERSION='1.0.29'
VERSIONED_SYMBOLS_FALSE=''
VERSIONED_SYMBOLS_TRUE='#'
ac_ct_AR=''
ac_ct_CC=''
ac_ct_DUMPBIN=''
am__EXEEXT_FALSE=''
am__EXEEXT_TRUE='#'
am__fastdepCC_FALSE='#'
am__fastdepCC_TRUE=''
am__include='include'
am__isrc=''
am__leading_dot='.'
am__nodep='_no'
am__quote=''
am__tar='$${TAR-tar} chof - "$$tardir"'
am__untar='$${TAR-tar} xf -'
bindir='${exec_prefix}/bin'
build='i686-pc-linux-gnu'
build_alias=''
build_cpu='i686'
build_os='linux-gnu'
build_vendor='pc'
datadir='${datarootdir}'
datarootdir='${prefix}/share'
docdir='${datarootdir}/doc/${PACKAGE_TARNAME}'
dvidir='${docdir}'
exec_prefix='/home/tao/work/sama5d3/pos/audio/install'
host='arm-buildroot-linux-uclibcgnueabihf'
host_alias='arm-buildroot-linux-uclibcgnueabihf'
host_cpu='arm'
host_os='linux-uclibcgnueabihf'
host_vendor='buildroot'
htmldir='${docdir}'
includedir='${prefix}/include'
infodir='${datarootdir}/info'
install_sh='${SHELL} /home/tao/work/sama5d3/pos/audio/alsa-lib-1.0.29/install-sh'
libdir='${exec_prefix}/lib'
libexecdir='${exec_prefix}/libexec'
localedir='${datarootdir}/locale'
localstatedir='${prefix}/var'
mandir='${datarootdir}/man'
mkdir_p='$(MKDIR_P)'
oldincludedir='/usr/include'
pdfdir='${docdir}'
prefix='/home/tao/work/sama5d3/pos/audio/install'
program_transform_name='s,x,x,'
psdir='${docdir}'
sbindir='${exec_prefix}/sbin'
sharedstatedir='${prefix}/com'
sysconfdir='${prefix}/etc'
target_alias=''

## ----------- ##
## confdefs.h. ##
## ----------- ##

/* confdefs.h */
#define PACKAGE_NAME "alsa-lib"
#define PACKAGE_TARNAME "alsa-lib"
#define PACKAGE_VERSION "1.0.29"
#define PACKAGE_STRING "alsa-lib 1.0.29"
#define PACKAGE_BUGREPORT ""
#define PACKAGE_URL ""
#define PACKAGE "alsa-lib"
#define VERSION "1.0.29"
#define STDC_HEADERS 1
#define HAVE_SYS_TYPES_H 1
#define HAVE_SYS_STAT_H 1
#define HAVE_STDLIB_H 1
#define HAVE_STRING_H 1
#define HAVE_MEMORY_H 1
#define HAVE_STRINGS_H 1
#define HAVE_INTTYPES_H 1
#define HAVE_STDINT_H 1
#define HAVE_UNISTD_H 1
#define HAVE_DLFCN_H 1
#define LT_OBJDIR ".libs/"
#define STDC_HEADERS 1
#define TIME_WITH_SYS_TIME 1
#define HAVE_USELOCALE 1
#define VERSION "1.0.29"
#define ALSA_CONFIG_DIR "/home/tao/work/sama5d3/pos/audio/install/share/alsa"
#define ALSA_PLUGIN_DIR "/home/tao/work/sama5d3/pos/audio/install/lib/alsa-lib"
#define ALSA_PKGCONF_DIR "/home/tao/work/sama5d3/pos/audio/install/lib/pkgconfig"
#define __SYMBOL_PREFIX ""
#define TMPDIR "/tmp"
#define HAVE_LIBDL 1
#define HAVE_LIBPTHREAD 1
#define HAVE___THREAD 1
#define HAVE_LIBRT 1
#define HAVE_CLOCK_GETTIME 1
#define HAVE_ENDIAN_H 1
#define SUPPORT_ALOAD "1"
#define ALSA_DEVICE_DIRECTORY "/dev/snd/"
#define ALOAD_DEVICE_DIRECTORY "/dev/"
#define BUILD_MIXER "1"
#define BUILD_PCM "1"
#define BUILD_RAWMIDI "1"
#define BUILD_HWDEP "1"
#define BUILD_SEQ "1"
#define BUILD_UCM "1"
#define BUILD_PCM_PLUGIN_RATE "1"
#define BUILD_PCM_PLUGIN_ROUTE "1"
#define BUILD_PCM_PLUGIN_LFLOAT "1"
#define BUILD_PCM_PLUGIN_ADPCM "1"
#define BUILD_PCM_PLUGIN_MULAW "1"
#define BUILD_PCM_PLUGIN_ALAW "1"
#define BUILD_PCM_PLUGIN_MMAP_EMUL "1"
#define SND_MAX_CARDS 32

configure: exit 0
